<?xml version="1.0" encoding="UTF-8"?>
<testng-results skipped="0" failed="0" ignored="0" total="2" passed="2">
  <reporter-output>
  </reporter-output>
  <suite name="testsuite" duration-ms="443004" started-at="2018-04-23T07:11:18Z" finished-at="2018-04-23T07:18:41Z">
    <groups>
      <group name="cucumber">
        <method signature="AbstractTestNGCucumberTests.feature(cucumber.api.testng.CucumberFeatureWrapper)[pri:0, instance:testRunner.TestRunner@66480dd7]" name="feature" class="cucumber.api.testng.AbstractTestNGCucumberTests"/>
      </group> <!-- cucumber -->
    </groups>
    <test name="BDD Tests" duration-ms="443004" started-at="2018-04-23T07:11:18Z" finished-at="2018-04-23T07:18:41Z">
      <class name="testRunner.TestRunner">
        <test-method status="PASS" signature="setUpClass()[pri:0, instance:testRunner.TestRunner@66480dd7]" name="setUpClass" is-config="true" duration-ms="10800" started-at="2018-04-23T12:41:18Z" finished-at="2018-04-23T12:41:28Z">
          <reporter-output>
          </reporter-output>
        </test-method> <!-- setUpClass -->
        <test-method status="PASS" signature="feature(cucumber.api.testng.CucumberFeatureWrapper)[pri:0, instance:testRunner.TestRunner@66480dd7]" name="feature" duration-ms="204673" started-at="2018-04-23T12:43:22Z" description="Runs Cucumber Feature" data-provider="features" finished-at="2018-04-23T12:46:46Z">
          <params>
            <param index="0">
              <value>
                <![CDATA[Prospectus links on pre-login footer section]]>
              </value>
            </param>
          </params>
          <reporter-output>
          </reporter-output>
        </test-method> <!-- feature -->
        <test-method status="PASS" signature="feature(cucumber.api.testng.CucumberFeatureWrapper)[pri:0, instance:testRunner.TestRunner@66480dd7]" name="feature" duration-ms="113936" started-at="2018-04-23T12:46:46Z" description="Runs Cucumber Feature" data-provider="features" finished-at="2018-04-23T12:48:40Z">
          <params>
            <param index="0">
              <value>
                <![CDATA[Footer copyright date]]>
              </value>
            </param>
          </params>
          <reporter-output>
          </reporter-output>
        </test-method> <!-- feature -->
        <test-method status="PASS" signature="tearDownClass()[pri:0, instance:testRunner.TestRunner@66480dd7]" name="tearDownClass" is-config="true" duration-ms="217" started-at="2018-04-23T12:48:40Z" finished-at="2018-04-23T12:48:41Z">
          <reporter-output>
          </reporter-output>
        </test-method> <!-- tearDownClass -->
      </class> <!-- testRunner.TestRunner -->
    </test> <!-- BDD Tests -->
  </suite> <!-- testsuite -->
</testng-results>
