<?xml version="1.0" encoding="UTF-8"?>
<!-- Generated by org.testng.reporters.JUnitXMLReporter -->
<testsuite hostname="XWJPMDD255" name="Regression Suite" tests="19" failures="11" timestamp="5 Oct 2017 06:06:15 GMT" time="876.402" errors="0">
  <testcase name="Validate_Active_Allocation_Percentage" time="80.014" classname="app.csas.testcases.moneytypebalance.validate_moneytypebalance"/>
  <testcase name="Validate_Variable_Investment_Money_Type_Link" time="37.038" classname="app.csas.testcases.moneytypebalance.validate_moneytypebalance"/>
  <testcase name="Verify_Variable_Invstment_Balance" time="36.239" classname="app.csas.testcases.moneytypebalance.validate_moneytypebalance"/>
  <testcase name="Verify_Fixed_Invstment_Balance" time="36.678" classname="app.csas.testcases.moneytypebalance.validate_moneytypebalance">
    <failure type="java.lang.NullPointerException">
      <![CDATA[java.lang.NullPointerException
	at java.util.regex.Matcher.getTextLength(Matcher.java:1283)
	at java.util.regex.Matcher.reset(Matcher.java:309)
	at java.util.regex.Matcher.<init>(Matcher.java:229)
	at java.util.regex.Pattern.matcher(Pattern.java:1093)
	at com.aventstack.extentreports.utils.ExceptionUtil.getExceptionHeadline(ExceptionUtil.java:25)
	at com.aventstack.extentreports.ExtentTest.log(ExtentTest.java:391)
	at com.aventstack.extentreports.ExtentTest.log(ExtentTest.java:412)
	at core.framework.TestListener.afterInvocation(TestListener.java:315)
... Removed 22 stack frames]]>
    </failure>
  </testcase> <!-- Verify_Fixed_Invstment_Balance -->
  <testcase name="Verify_Money_Type_Totals" time="35.397" classname="app.csas.testcases.moneytypebalance.validate_moneytypebalance"/>
  <testcase name="Verify_DIH_PaymentHistory" time="70.873" classname="app.csas.testcases.disbursementhistory.validate_disbursementhistory">
    <failure type="java.lang.NullPointerException">
      <![CDATA[java.lang.NullPointerException
	at java.util.regex.Matcher.getTextLength(Matcher.java:1283)
	at java.util.regex.Matcher.reset(Matcher.java:309)
	at java.util.regex.Matcher.<init>(Matcher.java:229)
	at java.util.regex.Pattern.matcher(Pattern.java:1093)
	at com.aventstack.extentreports.utils.ExceptionUtil.getExceptionHeadline(ExceptionUtil.java:25)
	at com.aventstack.extentreports.ExtentTest.log(ExtentTest.java:391)
	at com.aventstack.extentreports.ExtentTest.log(ExtentTest.java:412)
	at core.framework.TestListener.afterInvocation(TestListener.java:315)
... Removed 22 stack frames]]>
    </failure>
  </testcase> <!-- Verify_DIH_PaymentHistory -->
  <testcase name="Verify_DIH_Vesting" time="57.013" classname="app.csas.testcases.disbursementhistory.validate_disbursementhistory"/>
  <testcase name="Verify_DIH_ProcessingDetails" time="51.288" classname="app.csas.testcases.disbursementhistory.validate_disbursementhistory"/>
  <testcase name="Validate_Default_Investment_Option_Details" time="47.332" classname="app.csas.testcases.contributionallocationchange.validate_contributionallocationchange">
    <failure type="java.lang.NullPointerException">
      <![CDATA[java.lang.NullPointerException
	at java.util.regex.Matcher.getTextLength(Matcher.java:1283)
	at java.util.regex.Matcher.reset(Matcher.java:309)
	at java.util.regex.Matcher.<init>(Matcher.java:229)
	at java.util.regex.Pattern.matcher(Pattern.java:1093)
	at com.aventstack.extentreports.utils.ExceptionUtil.getExceptionHeadline(ExceptionUtil.java:25)
	at com.aventstack.extentreports.ExtentTest.log(ExtentTest.java:391)
	at com.aventstack.extentreports.ExtentTest.log(ExtentTest.java:412)
	at core.framework.TestListener.afterInvocation(TestListener.java:315)
... Removed 22 stack frames]]>
    </failure>
  </testcase> <!-- Validate_Default_Investment_Option_Details -->
  <testcase name="Validate_Current_Deposite_Allocation_Details" time="48.664" classname="app.csas.testcases.contributionallocationchange.validate_contributionallocationchange">
    <failure type="java.lang.NullPointerException">
      <![CDATA[java.lang.NullPointerException
]]>
    </failure>
  </testcase> <!-- Validate_Current_Deposite_Allocation_Details -->
  <testcase name="Validate_Fund_to_Fund_Transfer" time="32.468" classname="app.csas.testcases.fundtofund.validate_fundtofundtransfer"/>
  <testcase name="Validate_Fund_to_Fund_Basic_Transfer" time="35.744" classname="app.csas.testcases.fundtofund.validate_fundtofundtransfer">
    <failure type="java.lang.NullPointerException">
      <![CDATA[java.lang.NullPointerException
]]>
    </failure>
  </testcase> <!-- Validate_Fund_to_Fund_Basic_Transfer -->
  <testcase name="Validate_Fund_to_Fund_Cancel_Transfer" time="37.441" classname="app.csas.testcases.fundtofund.validate_fundtofundtransfer"/>
  <testcase name="Validate_Fund2Fund_Transfer_Restriction_Type_No" time="40.52" classname="app.csas.testcases.fundtofund.validate_fundtofundtransfer">
    <failure type="java.lang.NullPointerException">
      <![CDATA[java.lang.NullPointerException
]]>
    </failure>
  </testcase> <!-- Validate_Fund2Fund_Transfer_Restriction_Type_No -->
  <testcase name="Validate_Fund2Fund_Transfer_Restriction_Type_Yes" time="40.477" classname="app.csas.testcases.fundtofund.validate_fundtofundtransfer">
    <failure type="java.lang.NullPointerException">
      <![CDATA[java.lang.NullPointerException
]]>
    </failure>
  </testcase> <!-- Validate_Fund2Fund_Transfer_Restriction_Type_Yes -->
  <testcase name="Validate_Fund2Fund_Transfer_Restriction_Type_grtPriorDayBal" time="40.846" classname="app.csas.testcases.fundtofund.validate_fundtofundtransfer">
    <failure type="java.lang.NullPointerException">
      <![CDATA[java.lang.NullPointerException
]]>
    </failure>
  </testcase> <!-- Validate_Fund2Fund_Transfer_Restriction_Type_grtPriorDayBal -->
  <testcase name="Validate_Fund2Fund_Transfer_Restriction_Type_grt100Per" time="40.544" classname="app.csas.testcases.fundtofund.validate_fundtofundtransfer">
    <failure type="java.lang.NullPointerException">
      <![CDATA[java.lang.NullPointerException
]]>
    </failure>
  </testcase> <!-- Validate_Fund2Fund_Transfer_Restriction_Type_grt100Per -->
  <testcase name="Perform_and_validate_Rebalancer_transferRestriction" time="30.55" classname="app.csas.testcases.rebalancer.validate_rebalancer">
    <failure type="java.lang.NullPointerException">
      <![CDATA[java.lang.NullPointerException
]]>
    </failure>
  </testcase> <!-- Perform_and_validate_Rebalancer_transferRestriction -->
  <testcase name="Perform_and_validate_Rebalancer_Checkbox" time="35.731" classname="app.csas.testcases.rebalancer.validate_rebalancer">
    <failure type="java.lang.NullPointerException">
      <![CDATA[java.lang.NullPointerException
]]>
    </failure>
  </testcase> <!-- Perform_and_validate_Rebalancer_Checkbox -->
</testsuite> <!-- Regression Suite -->
