<?xml version="1.0" encoding="UTF-8"?>
<!-- Generated by org.testng.reporters.JUnitXMLReporter -->
<testsuite hostname="XWJPMDD085" name="Regression Suite" tests="7" failures="5" timestamp="4 Apr 2018 05:15:14 GMT" time="512.948" errors="0">
  <testcase name="Validate_Fund2Fund_Transfer_Restriction_Type_No" time="99.228" classname="app.csas.testcases.fundtofund.validate_fundtofundtransfer">
    <failure/>
  </testcase> <!-- Validate_Fund2Fund_Transfer_Restriction_Type_No -->
  <testcase name="Validate_Fund2Fund_Transfer_Restriction_Type_Yes" time="83.222" classname="app.csas.testcases.fundtofund.validate_fundtofundtransfer">
    <failure/>
  </testcase> <!-- Validate_Fund2Fund_Transfer_Restriction_Type_Yes -->
  <testcase name="Validate_Fund_to_Fund_Basic_Transfer" time="74.046" classname="app.csas.testcases.fundtofund.validate_fundtofundtransfer">
    <failure/>
  </testcase> <!-- Validate_Fund_to_Fund_Basic_Transfer -->
  <testcase name="Validate_Fund2Fund_Transfer_Restriction_Type_grtPriorDayBal" time="82.32" classname="app.csas.testcases.fundtofund.validate_fundtofundtransfer">
    <failure/>
  </testcase> <!-- Validate_Fund2Fund_Transfer_Restriction_Type_grtPriorDayBal -->
  <testcase name="Validate_Fund2Fund_Transfer_Restriction_Type_grt100Per" time="83.322" classname="app.csas.testcases.fundtofund.validate_fundtofundtransfer">
    <failure/>
  </testcase> <!-- Validate_Fund2Fund_Transfer_Restriction_Type_grt100Per -->
  <testcase name="Validate_Fund_to_Fund_Transfer" time="34.574" classname="app.csas.testcases.fundtofund.validate_fundtofundtransfer"/>
  <testcase name="Validate_Fund_to_Fund_Cancel_Transfer" time="42.052" classname="app.csas.testcases.fundtofund.validate_fundtofundtransfer"/>
</testsuite> <!-- Regression Suite -->
