<?xml version="1.0" encoding="UTF-8"?>
<!-- Generated by org.testng.reporters.JUnitXMLReporter -->
<testsuite hostname="XWJPMDD035" ignored="9" name="Grid_Demo" tests="2" failures="0" timestamp="25 Jul 2017 10:03:35 GMT" time="123.075" errors="0">
  <testcase name="TC013_SIT_PSC_HomePage_01_TC010_Regression_Testing_New_Pages" time="68.676" classname="app.psc.testcases.accountverification.accountverification_existingusr"/>
  <testcase name="TC013_SIT_PSC_HomePage_01_TC010_Regression_Testing_New_Pages" time="23.675" classname="app.psc.testcases.accountverification.accountverification_existingusr"/>
  <testcase name="TC006_01_Verify_Display_Of_Notification_On_HomePage" time="0.0" classname="app.psc.testcases.accountverification.accountverification_existingusr">
    <ignored/>
  </testcase> <!-- TC006_01_Verify_Display_Of_Notification_On_HomePage -->
  <testcase name="TC004_02_Verify_Changepasword_When_Password_Expired_Positive_Flow" time="0.0" classname="app.psc.testcases.accountverification.accountverification_existingusr">
    <ignored/>
  </testcase> <!-- TC004_02_Verify_Changepasword_When_Password_Expired_Positive_Flow -->
  <testcase name="TC005_01_Verify_PSC_Users_Are_Unbale_To_Reuse_Last_Ten_Passwords" time="0.0" classname="app.psc.testcases.accountverification.accountverification_existingusr">
    <ignored/>
  </testcase> <!-- TC005_01_Verify_PSC_Users_Are_Unbale_To_Reuse_Last_Ten_Passwords -->
  <testcase name="TC019_Verify_Default_Plan_Prompting" time="0.0" classname="app.psc.testcases.accountverification.accountverification_existingusr">
    <ignored/>
  </testcase> <!-- TC019_Verify_Default_Plan_Prompting -->
  <testcase name="TC012_SIT_PSC_HomePage_02_TC003_Compliance_Security" time="0.0" classname="app.psc.testcases.accountverification.accountverification_existingusr">
    <ignored/>
  </testcase> <!-- TC012_SIT_PSC_HomePage_02_TC003_Compliance_Security -->
  <testcase name="TC009_01_Verify_Multifactoring" time="0.0" classname="app.psc.testcases.accountverification.accountverification_existingusr">
    <ignored/>
  </testcase> <!-- TC009_01_Verify_Multifactoring -->
  <testcase name="TC004_01_Verify_Changepasword_When_Password_Expired_Negative_Scenario" time="0.0" classname="app.psc.testcases.accountverification.accountverification_existingusr">
    <ignored/>
  </testcase> <!-- TC004_01_Verify_Changepasword_When_Password_Expired_Negative_Scenario -->
  <testcase name="TC018_Security_Question_Validation_Existing_User" time="0.0" classname="app.psc.testcases.accountverification.accountverification_existingusr">
    <ignored/>
  </testcase> <!-- TC018_Security_Question_Validation_Existing_User -->
  <testcase name="TC006_01_Verify_Display_Of_Compliance_On_HomePage" time="0.0" classname="app.psc.testcases.accountverification.accountverification_existingusr">
    <ignored/>
  </testcase> <!-- TC006_01_Verify_Display_Of_Compliance_On_HomePage -->
</testsuite> <!-- Grid_Demo -->
