<?xml version="1.0" encoding="UTF-8"?>
<!-- Generated by org.testng.reporters.JUnitXMLReporter -->
<testsuite hostname="XWJPMDD177" name="My profile module test cases" tests="1" failures="1" timestamp="14 Nov 2017 12:11:01 GMT" time="66.338" errors="0">
  <testcase name="TC002_03_SIT_PSC_Update_Email_Address_Invalid_Password" time="53.899" classname="app.psc.testcases.myprofile.MyProfileTestCases">
    <failure/>
  </testcase> <!-- TC002_03_SIT_PSC_Update_Email_Address_Invalid_Password -->
</testsuite> <!-- My profile module test cases -->
