<?xml version="1.0" encoding="UTF-8"?>
<!-- Generated by org.testng.reporters.JUnitXMLReporter -->
<testsuite hostname="XWJPMDD177" name="My profile module test cases" tests="19" failures="5" timestamp="14 Dec 2017 09:20:52 GMT" time="449.311" errors="0">
  <testcase name="TC001_01_SIT_PSC_Update_My_profile_Default_Plan" time="44.862" classname="app.psc.testcases.myprofile.MyProfileTestCases"/>
  <testcase name="TC001_01_SIT_PSC_Update_My_profile_Default_Plan" time="9.331" classname="app.psc.testcases.myprofile.MyProfileTestCases">
    <failure/>
  </testcase> <!-- TC001_01_SIT_PSC_Update_My_profile_Default_Plan -->
  <testcase name="TC001_02_SIT_PSC_Update_My_profile_Default_Plan" time="34.122" classname="app.psc.testcases.myprofile.MyProfileTestCases"/>
  <testcase name="TC002_01_SIT_PSC_Update_Email_Address_Positive_Flow" time="19.085" classname="app.psc.testcases.myprofile.MyProfileTestCases">
    <failure/>
  </testcase> <!-- TC002_01_SIT_PSC_Update_Email_Address_Positive_Flow -->
  <testcase name="TC002_02_SIT_PSC_Update_Email_Address_Negative_Flow" time="2.942" classname="app.psc.testcases.myprofile.MyProfileTestCases"/>
  <testcase name="TC002_03_SIT_PSC_Update_Email_Address_Invalid_Password" time="71.935" classname="app.psc.testcases.myprofile.MyProfileTestCases">
    <failure/>
  </testcase> <!-- TC002_03_SIT_PSC_Update_Email_Address_Invalid_Password -->
  <testcase name="TC003_01_SIT_PSC_Update_User_Name" time="10.593" classname="app.psc.testcases.myprofile.MyProfileTestCases">
    <failure/>
  </testcase> <!-- TC003_01_SIT_PSC_Update_User_Name -->
  <testcase name="TC003_01_SIT_PSC_Update_User_Name" time="1.614" classname="app.psc.testcases.myprofile.MyProfileTestCases"/>
  <testcase name="TC003_01_SIT_PSC_Update_User_Name" time="31.545" classname="app.psc.testcases.myprofile.MyProfileTestCases"/>
  <testcase name="TC003_01_SIT_PSC_Update_User_Name" time="31.793" classname="app.psc.testcases.myprofile.MyProfileTestCases"/>
  <testcase name="TC004_01_SIT_PSC_Update_My_profile_Security_Questions" time="11.876" classname="app.psc.testcases.myprofile.MyProfileTestCases">
    <failure/>
  </testcase> <!-- TC004_01_SIT_PSC_Update_My_profile_Security_Questions -->
  <testcase name="TC004_01_SIT_PSC_Update_My_profile_Security_Questions" time="35.951" classname="app.psc.testcases.myprofile.MyProfileTestCases"/>
  <testcase name="TC004_01_SIT_PSC_Update_My_profile_Security_Questions" time="1.608" classname="app.psc.testcases.myprofile.MyProfileTestCases"/>
  <testcase name="TC004_01_SIT_PSC_Update_My_profile_Security_Questions" time="33.2" classname="app.psc.testcases.myprofile.MyProfileTestCases"/>
  <testcase name="TC005_01_SIT_PSC_Update_My_profile_Password" time="3.116" classname="app.psc.testcases.myprofile.MyProfileTestCases"/>
  <testcase name="TC005_01_SIT_PSC_Update_My_profile_Password" time="31.954" classname="app.psc.testcases.myprofile.MyProfileTestCases"/>
  <testcase name="TC005_01_SIT_PSC_Update_My_profile_Password" time="31.531" classname="app.psc.testcases.myprofile.MyProfileTestCases"/>
  <testcase name="TC005_01_SIT_PSC_Update_My_profile_Password" time="2.501" classname="app.psc.testcases.myprofile.MyProfileTestCases"/>
  <testcase name="TC006_01_FAQ_DDTC_245" time="6.111" classname="app.psc.testcases.myprofile.MyProfileTestCases"/>
</testsuite> <!-- My profile module test cases -->
