<?xml version="1.0" encoding="UTF-8"?>
<!-- Generated by org.testng.reporters.JUnitXMLReporter -->
<testsuite hostname="XWJPMDD415" name="Orange period execution-1" tests="1" failures="1" timestamp="23 Jul 2018 07:27:47 GMT" time="378.089" errors="0">
  <testcase name="TC24_Investment_Charts_Page" time="353.964" classname="app.psc.testcases.plan.plantestcases">
    <failure type="java.lang.NullPointerException">
      <![CDATA[java.lang.NullPointerException
	at lib.Reporter.logEvent(Reporter.java:253)
	at app.psc.testcases.plan.plantestcases.TC24_Investment_Charts_Page(plantestcases.java:535)
... Removed 24 stack frames]]>
    </failure>
  </testcase> <!-- TC24_Investment_Charts_Page -->
</testsuite> <!-- Orange period execution-1 -->
