<?xml version="1.0" encoding="UTF-8"?>
<!-- Generated by org.testng.reporters.JUnitXMLReporter -->
<testsuite hostname="XWJPMDD035" ignored="8" name="Regression_Orange_Period_Exec1" tests="1" failures="0" timestamp="21 Aug 2017 12:57:27 GMT" time="68.108" errors="0">
  <testcase name="TC006_01_FAQ_DDTC_245" time="53.777" classname="app.psc.testcases.myprofile.MyProfileTestCases"/>
  <testcase name="TC001_02_SIT_PSC_Update_My_profile_Default_Plan" time="0.0" classname="app.psc.testcases.myprofile.MyProfileTestCases">
    <ignored/>
  </testcase> <!-- TC001_02_SIT_PSC_Update_My_profile_Default_Plan -->
  <testcase name="TC003_01_SIT_PSC_Update_User_Name" time="0.0" classname="app.psc.testcases.myprofile.MyProfileTestCases">
    <ignored/>
  </testcase> <!-- TC003_01_SIT_PSC_Update_User_Name -->
  <testcase name="TC002_01_SIT_PSC_Update_Email_Address_Positive_Flow" time="0.0" classname="app.psc.testcases.myprofile.MyProfileTestCases">
    <ignored/>
  </testcase> <!-- TC002_01_SIT_PSC_Update_Email_Address_Positive_Flow -->
  <testcase name="TC004_01_SIT_PSC_Update_My_profile_Security_Questions" time="0.0" classname="app.psc.testcases.myprofile.MyProfileTestCases">
    <ignored/>
  </testcase> <!-- TC004_01_SIT_PSC_Update_My_profile_Security_Questions -->
  <testcase name="TC001_01_SIT_PSC_Update_My_profile_Default_Plan" time="0.0" classname="app.psc.testcases.myprofile.MyProfileTestCases">
    <ignored/>
  </testcase> <!-- TC001_01_SIT_PSC_Update_My_profile_Default_Plan -->
  <testcase name="TC002_03_SIT_PSC_Update_Email_Address_Invalid_Password" time="0.0" classname="app.psc.testcases.myprofile.MyProfileTestCases">
    <ignored/>
  </testcase> <!-- TC002_03_SIT_PSC_Update_Email_Address_Invalid_Password -->
  <testcase name="TC002_02_SIT_PSC_Update_Email_Address_Negative_Flow" time="0.0" classname="app.psc.testcases.myprofile.MyProfileTestCases">
    <ignored/>
  </testcase> <!-- TC002_02_SIT_PSC_Update_Email_Address_Negative_Flow -->
  <testcase name="TC005_01_SIT_PSC_Update_My_profile_Password" time="0.0" classname="app.psc.testcases.myprofile.MyProfileTestCases">
    <ignored/>
  </testcase> <!-- TC005_01_SIT_PSC_Update_My_profile_Password -->
</testsuite> <!-- Regression_Orange_Period_Exec1 -->
