<?xml version="1.0" encoding="UTF-8"?>
<!-- Generated by org.testng.reporters.JUnitXMLReporter -->
<testsuite hostname="XWJPMDD177" ignored="92" name="Regression_Orange_Period_Execution_1" tests="79" failures="75" timestamp="03 Oct 2017 14:33:41 GMT" time="2689.084" errors="0">
  <testcase name="TC027_Verify_Subset_History_Section" time="57.97" classname="app.psc.testcases.employeesearch.employeesearchtestcases">
    <failure/>
  </testcase> <!-- TC027_Verify_Subset_History_Section -->
  <testcase name="TC007_01_Verify_Login_Flow_Existing_User_NewBrowser_Valid_Input" time="85.581" classname="app.psc.testcases.userverification.userverificationtestcases">
    <failure/>
  </testcase> <!-- TC007_01_Verify_Login_Flow_Existing_User_NewBrowser_Valid_Input -->
  <testcase name="TC004_02_Verify_Header_and_Footer_Links_PostLogin" time="103.805" classname="app.psc.testcases.login.logintestcases"/>
  <testcase name="TC007_03_Verify_Login_Flow_Existing_User_withing_same_browser_session" time="33.8" classname="app.psc.testcases.userverification.userverificationtestcases">
    <failure/>
  </testcase> <!-- TC007_03_Verify_Login_Flow_Existing_User_withing_same_browser_session -->
  <testcase name="TC029_Edit_Enrollment_And_Eligibility" time="71.937" classname="app.psc.testcases.employeesearch.employeesearchtestcases">
    <failure/>
  </testcase> <!-- TC029_Edit_Enrollment_And_Eligibility -->
  <testcase name="TC32_Supress_Menu_Items_for_TRS_Flex" time="10.404" classname="app.psc.testcases.employeesearch.employeesearchtestcases">
    <failure/>
  </testcase> <!-- TC32_Supress_Menu_Items_for_TRS_Flex -->
  <testcase name="TC011_01_SIT_PSC_Login_01_TC020_Unsuccessful_login_attempts" time="70.07" classname="app.psc.testcases.login.logintestcases">
    <failure/>
  </testcase> <!-- TC011_01_SIT_PSC_Login_01_TC020_Unsuccessful_login_attempts -->
  <testcase name="TC007_03_Verify_Login_Flow_Existing_User_withing_same_browser_session" time="87.809" classname="app.psc.testcases.userverification.userverificationtestcases">
    <failure/>
  </testcase> <!-- TC007_03_Verify_Login_Flow_Existing_User_withing_same_browser_session -->
  <testcase name="TC01_SIT_PSC_HomePage_Transaction_Security" time="127.672" classname="app.psc.testcases.login.logintestcases">
    <failure/>
  </testcase> <!-- TC01_SIT_PSC_HomePage_Transaction_Security -->
  <testcase name="TC05_SIT_PSC_Plan_messaging_confirmation_page" time="112.753" classname="app.psc.testcases.plan.plansearchtestcases">
    <failure/>
  </testcase> <!-- TC05_SIT_PSC_Plan_messaging_confirmation_page -->
  <testcase name="TC09_Order_Participant_QDIA_Notice_Listing" time="68.915" classname="app.psc.testcases.plan.plansearchtestcases">
    <failure/>
  </testcase> <!-- TC09_Order_Participant_QDIA_Notice_Listing -->
  <testcase name="TC16_Plan_Provisions_page" time="88.666" classname="app.psc.testcases.plan.plantestcases">
    <failure/>
  </testcase> <!-- TC16_Plan_Provisions_page -->
  <testcase name="TC17_Add_PPT_And_SearchForPPT" time="132.666" classname="app.psc.testcases.plan.plantestcases">
    <failure/>
  </testcase> <!-- TC17_Add_PPT_And_SearchForPPT -->
  <testcase name="TC11_SIT_PSC_HomePage_Fiduciary_Records_Required_Notices_Part_grouping" time="152.482" classname="app.psc.testcases.plan.plansearchtestcases">
    <failure/>
  </testcase> <!-- TC11_SIT_PSC_HomePage_Fiduciary_Records_Required_Notices_Part_grouping -->
  <testcase name="TC33_Suppress_Account_Detail_elements_TRS_NonTRS" time="398.345" classname="app.psc.testcases.employeesearch.employeesearchtestcases">
    <failure/>
  </testcase> <!-- TC33_Suppress_Account_Detail_elements_TRS_NonTRS -->
  <testcase name="TC18_SIT_PSC_Investment_UnitShare_values_page" time="88.128" classname="app.psc.testcases.plan.plantestcases">
    <failure/>
  </testcase> <!-- TC18_SIT_PSC_Investment_UnitShare_values_page -->
  <testcase name="TC15_SIT_PSC_Investment_Fixed_Investment_FutureRates" time="142.713" classname="app.psc.testcases.plan.plansearchtestcases">
    <failure/>
  </testcase> <!-- TC15_SIT_PSC_Investment_Fixed_Investment_FutureRates -->
  <testcase name="TC20_Complex_User" time="117.131" classname="app.psc.testcases.plan.plantestcases">
    <failure/>
  </testcase> <!-- TC20_Complex_User -->
  <testcase name="TC23_Find_Users_by_Name" time="88.48" classname="app.psc.testcases.plan.plantestcases">
    <failure/>
  </testcase> <!-- TC23_Find_Users_by_Name -->
  <testcase name="TC026_Verify_search_results_are_not_displayed_for_employess_with_err_code" time="156.509" classname="app.psc.testcases.employeesearch.employeesearchtestcases_db">
    <failure/>
  </testcase> <!-- TC026_Verify_search_results_are_not_displayed_for_employess_with_err_code -->
  <testcase name="TC027_Verify_termed_employeedetails_are_displayed" time="14.399" classname="app.psc.testcases.employeesearch.employeesearchtestcases_db"/>
  <testcase name="TC34_SIT_PSC_Accountdetail_Allocations_Reg" time="311.829" classname="app.psc.testcases.employeesearch.employeesearchtestcases">
    <failure/>
  </testcase> <!-- TC34_SIT_PSC_Accountdetail_Allocations_Reg -->
  <testcase name="TC23_Find_Users_by_Name" time="82.717" classname="app.psc.testcases.plan.plantestcases">
    <failure/>
  </testcase> <!-- TC23_Find_Users_by_Name -->
  <testcase name="TC029_Verify_ssn_masking_for_external_users" time="81.847" classname="app.psc.testcases.employeesearch.employeesearchtestcases_db">
    <failure/>
  </testcase> <!-- TC029_Verify_ssn_masking_for_external_users -->
  <testcase name="TC38_SIT_PSC_Accountdetail_Fees_Reg" time="86.391" classname="app.psc.testcases.employeesearch.employeesearchtestcases">
    <failure/>
  </testcase> <!-- TC38_SIT_PSC_Accountdetail_Fees_Reg -->
  <testcase name="TC008_01_Verify_Login_Flow_Security_Answer_Invalid_Input_New_PSC_User" time="26.831" classname="app.psc.testcases.accountverification.accountverificationtestcases">
    <failure/>
  </testcase> <!-- TC008_01_Verify_Login_Flow_Security_Answer_Invalid_Input_New_PSC_User -->
  <testcase name="TC008_01_Verify_Login_Flow_Security_Answer_Invalid_Input_New_PSC_User" time="25.609" classname="app.psc.testcases.accountverification.accountverificationtestcases">
    <failure/>
  </testcase> <!-- TC008_01_Verify_Login_Flow_Security_Answer_Invalid_Input_New_PSC_User -->
  <testcase name="TC23_Find_Users_by_Name" time="82.041" classname="app.psc.testcases.plan.plantestcases">
    <failure/>
  </testcase> <!-- TC23_Find_Users_by_Name -->
  <testcase name="TC008_01_Verify_Login_Flow_Security_Answer_Invalid_Input_New_PSC_User" time="27.206" classname="app.psc.testcases.accountverification.accountverificationtestcases">
    <failure/>
  </testcase> <!-- TC008_01_Verify_Login_Flow_Security_Answer_Invalid_Input_New_PSC_User -->
  <testcase name="TC008_01_Verify_Login_Flow_Security_Answer_Invalid_Input_New_PSC_User" time="21.622" classname="app.psc.testcases.accountverification.accountverificationtestcases">
    <failure/>
  </testcase> <!-- TC008_01_Verify_Login_Flow_Security_Answer_Invalid_Input_New_PSC_User -->
  <testcase name="TC008_03_Verify_New_User_loginFlow_register_username_invalid_input" time="22.908" classname="app.psc.testcases.accountverification.accountverificationtestcases">
    <failure/>
  </testcase> <!-- TC008_03_Verify_New_User_loginFlow_register_username_invalid_input -->
  <testcase name="TC019_Verify_Default_Plan_Prompting" time="82.527" classname="app.psc.testcases.accountverification.accountverification_existingusr">
    <failure/>
  </testcase> <!-- TC019_Verify_Default_Plan_Prompting -->
  <testcase name="TC40_SIT_PSC_Accountdetail_Loans_Reg" time="140.656" classname="app.psc.testcases.employeesearch.employeesearchtestcases">
    <failure/>
  </testcase> <!-- TC40_SIT_PSC_Accountdetail_Loans_Reg -->
  <testcase name="TC008_03_Verify_New_User_loginFlow_register_username_invalid_input" time="36.964" classname="app.psc.testcases.accountverification.accountverificationtestcases">
    <failure/>
  </testcase> <!-- TC008_03_Verify_New_User_loginFlow_register_username_invalid_input -->
  <testcase name="TC008_00_Verify_new_user_flow_negative" time="6.244" classname="app.psc.testcases.accountverification.accountverificationtestcases">
    <failure/>
  </testcase> <!-- TC008_00_Verify_new_user_flow_negative -->
  <testcase name="TC004_01_Verify_Changepasword_When_Password_Expired_Negative_Scenario" time="49.229" classname="app.psc.testcases.accountverification.accountverification_existingusr">
    <failure/>
  </testcase> <!-- TC004_01_Verify_Changepasword_When_Password_Expired_Negative_Scenario -->
  <testcase name="TC012_01_Verify_User_Access_New_Plan_For_Invalid_Input" time="25.969" classname="app.psc.testcases.accountverification.accountverificationtest_plan">
    <failure/>
  </testcase> <!-- TC012_01_Verify_User_Access_New_Plan_For_Invalid_Input -->
  <testcase name="TC004_01_Verify_Changepasword_When_Password_Expired_Negative_Scenario" time="43.869" classname="app.psc.testcases.accountverification.accountverification_existingusr">
    <failure/>
  </testcase> <!-- TC004_01_Verify_Changepasword_When_Password_Expired_Negative_Scenario -->
  <testcase name="TC012_02_Verify_User_Access_New_Plan_For_Valid_Input" time="52.374" classname="app.psc.testcases.accountverification.accountverificationtest_plan">
    <failure/>
  </testcase> <!-- TC012_02_Verify_User_Access_New_Plan_For_Valid_Input -->
  <testcase name="TC_44_Enroll_And_Eligibility_Fields_Type_Validations" time="107.267" classname="app.psc.testcases.employeesearch.employeesearchtestcases">
    <failure/>
  </testcase> <!-- TC_44_Enroll_And_Eligibility_Fields_Type_Validations -->
  <testcase name="TC004_01_Verify_Changepasword_When_Password_Expired_Negative_Scenario" time="45.553" classname="app.psc.testcases.accountverification.accountverification_existingusr">
    <failure/>
  </testcase> <!-- TC004_01_Verify_Changepasword_When_Password_Expired_Negative_Scenario -->
  <testcase name="TC001_02_SIT_PSC_Update_My_profile_Default_Plan" time="67.267" classname="app.psc.testcases.myprofile.MyProfileTestCases">
    <failure/>
  </testcase> <!-- TC001_02_SIT_PSC_Update_My_profile_Default_Plan -->
  <testcase name="TC004_01_Verify_Changepasword_When_Password_Expired_Negative_Scenario" time="44.325" classname="app.psc.testcases.accountverification.accountverification_existingusr">
    <failure/>
  </testcase> <!-- TC004_01_Verify_Changepasword_When_Password_Expired_Negative_Scenario -->
  <testcase name="TC_47_Search_Emp_Locked_Plan" time="64.141" classname="app.psc.testcases.employeesearch.employeesearchtestcases">
    <failure type="java.lang.NullPointerException">
      <![CDATA[java.lang.NullPointerException
	at lib.Reporter.logEvent(Reporter.java:253)
	at app.psc.testcases.employeesearch.employeesearchtestcases.TC_47_Search_Emp_Locked_Plan(employeesearchtestcases.java:2435)
	at java.util.concurrent.ThreadPoolExecutor.runWorker(ThreadPoolExecutor.java:1142)
	at java.util.concurrent.ThreadPoolExecutor$Worker.run(ThreadPoolExecutor.java:617)
	at java.lang.Thread.run(Thread.java:745)
... Removed 10 stack frames]]>
    </failure>
  </testcase> <!-- TC_47_Search_Emp_Locked_Plan -->
  <testcase name="TC002_01_SIT_PSC_Update_Email_Address_Positive_Flow" time="37.678" classname="app.psc.testcases.myprofile.MyProfileTestCases">
    <failure/>
  </testcase> <!-- TC002_01_SIT_PSC_Update_Email_Address_Positive_Flow -->
  <testcase name="TC004_02_Verify_Changepasword_When_Password_Expired_Positive_Flow" time="40.684" classname="app.psc.testcases.accountverification.accountverification_existingusr">
    <failure/>
  </testcase> <!-- TC004_02_Verify_Changepasword_When_Password_Expired_Positive_Flow -->
  <testcase name="TC002_02_SIT_PSC_Update_Email_Address_Negative_Flow" time="31.744" classname="app.psc.testcases.myprofile.MyProfileTestCases">
    <failure/>
  </testcase> <!-- TC002_02_SIT_PSC_Update_Email_Address_Negative_Flow -->
  <testcase name="TC005_01_Verify_PSC_Users_Are_Unbale_To_Reuse_Last_Ten_Passwords" time="45.201" classname="app.psc.testcases.accountverification.accountverification_existingusr">
    <failure/>
  </testcase> <!-- TC005_01_Verify_PSC_Users_Are_Unbale_To_Reuse_Last_Ten_Passwords -->
  <testcase name="TC002_03_SIT_PSC_Update_Email_Address_Invalid_Password" time="32.75" classname="app.psc.testcases.myprofile.MyProfileTestCases">
    <failure/>
  </testcase> <!-- TC002_03_SIT_PSC_Update_Email_Address_Invalid_Password -->
  <testcase name="TC003_01_SIT_PSC_Update_User_Name" time="32.756" classname="app.psc.testcases.myprofile.MyProfileTestCases">
    <failure/>
  </testcase> <!-- TC003_01_SIT_PSC_Update_User_Name -->
  <testcase name="TC_56_PSC_Employee_Information_NonZeroDeferral_Terminated_GreaterThan_18Month" time="157.793" classname="app.psc.testcases.employeesearch.employeesearchtestcases">
    <failure/>
  </testcase> <!-- TC_56_PSC_Employee_Information_NonZeroDeferral_Terminated_GreaterThan_18Month -->
  <testcase name="TC003_01_SIT_PSC_Update_User_Name" time="33.729" classname="app.psc.testcases.myprofile.MyProfileTestCases">
    <failure/>
  </testcase> <!-- TC003_01_SIT_PSC_Update_User_Name -->
  <testcase name="TC003_01_SIT_PSC_Update_User_Name" time="32.116" classname="app.psc.testcases.myprofile.MyProfileTestCases">
    <failure/>
  </testcase> <!-- TC003_01_SIT_PSC_Update_User_Name -->
  <testcase name="TC006_01_Verify_Display_Of_Notification_On_HomePage" time="134.061" classname="app.psc.testcases.accountverification.accountverification_existingusr">
    <failure/>
  </testcase> <!-- TC006_01_Verify_Display_Of_Notification_On_HomePage -->
  <testcase name="TC003_01_SIT_PSC_Update_User_Name" time="35.375" classname="app.psc.testcases.myprofile.MyProfileTestCases">
    <failure/>
  </testcase> <!-- TC003_01_SIT_PSC_Update_User_Name -->
  <testcase name="TC004_01_SIT_PSC_Update_My_profile_Security_Questions" time="32.213" classname="app.psc.testcases.myprofile.MyProfileTestCases">
    <failure/>
  </testcase> <!-- TC004_01_SIT_PSC_Update_My_profile_Security_Questions -->
  <testcase name="TC004_01_SIT_PSC_Update_My_profile_Security_Questions" time="32.533" classname="app.psc.testcases.myprofile.MyProfileTestCases">
    <failure/>
  </testcase> <!-- TC004_01_SIT_PSC_Update_My_profile_Security_Questions -->
  <testcase name="TC_57_PSC_Employee_Information_NonZeroDeferral_TerminatedLessThen_18Month" time="146.641" classname="app.psc.testcases.employeesearch.employeesearchtestcases">
    <failure/>
  </testcase> <!-- TC_57_PSC_Employee_Information_NonZeroDeferral_TerminatedLessThen_18Month -->
  <testcase name="TC004_01_SIT_PSC_Update_My_profile_Security_Questions" time="31.923" classname="app.psc.testcases.myprofile.MyProfileTestCases">
    <failure/>
  </testcase> <!-- TC004_01_SIT_PSC_Update_My_profile_Security_Questions -->
  <testcase name="TC006_01_Verify_Display_Of_Notification_On_HomePage" time="132.919" classname="app.psc.testcases.accountverification.accountverification_existingusr">
    <failure/>
  </testcase> <!-- TC006_01_Verify_Display_Of_Notification_On_HomePage -->
  <testcase name="TC004_01_SIT_PSC_Update_My_profile_Security_Questions" time="36.244" classname="app.psc.testcases.myprofile.MyProfileTestCases">
    <failure/>
  </testcase> <!-- TC004_01_SIT_PSC_Update_My_profile_Security_Questions -->
  <testcase name="TC005_01_SIT_PSC_Update_My_profile_Password" time="32.224" classname="app.psc.testcases.myprofile.MyProfileTestCases">
    <failure/>
  </testcase> <!-- TC005_01_SIT_PSC_Update_My_profile_Password -->
  <testcase name="TC005_01_SIT_PSC_Update_My_profile_Password" time="32.173" classname="app.psc.testcases.myprofile.MyProfileTestCases">
    <failure/>
  </testcase> <!-- TC005_01_SIT_PSC_Update_My_profile_Password -->
  <testcase name="TC_58_PSC_Employee_Information_RehireTerminate_NonZeroDeferral_Active" time="135.268" classname="app.psc.testcases.employeesearch.employeesearchtestcases"/>
  <testcase name="TC005_01_SIT_PSC_Update_My_profile_Password" time="32.112" classname="app.psc.testcases.myprofile.MyProfileTestCases">
    <failure/>
  </testcase> <!-- TC005_01_SIT_PSC_Update_My_profile_Password -->
  <testcase name="TC006_01_Verify_Display_Of_Compliance_On_HomePage" time="139.621" classname="app.psc.testcases.accountverification.accountverification_existingusr">
    <failure/>
  </testcase> <!-- TC006_01_Verify_Display_Of_Compliance_On_HomePage -->
  <testcase name="TC005_01_SIT_PSC_Update_My_profile_Password" time="37.588" classname="app.psc.testcases.myprofile.MyProfileTestCases">
    <failure/>
  </testcase> <!-- TC005_01_SIT_PSC_Update_My_profile_Password -->
  <testcase name="TC006_01_FAQ_DDTC_245" time="32.16" classname="app.psc.testcases.myprofile.MyProfileTestCases">
    <failure/>
  </testcase> <!-- TC006_01_FAQ_DDTC_245 -->
  <testcase name="TC006_01_Verify_Display_Of_Compliance_On_HomePage" time="134.304" classname="app.psc.testcases.accountverification.accountverification_existingusr">
    <failure/>
  </testcase> <!-- TC006_01_Verify_Display_Of_Compliance_On_HomePage -->
  <testcase name="TC_60_PSC_Employee_Information_Active_ChageHireInfo" time="204.324" classname="app.psc.testcases.employeesearch.employeesearchtestcases"/>
  <testcase name="TC012_SIT_PSC_HomePage_02_TC003_Compliance_Security" time="128.183" classname="app.psc.testcases.accountverification.accountverification_existingusr">
    <failure/>
  </testcase> <!-- TC012_SIT_PSC_HomePage_02_TC003_Compliance_Security -->
  <testcase name="TC_59_PSC_Employee_Information_RehireTerminate_ZeroDeferral_Scenario1" time="226.375" classname="app.psc.testcases.employeesearch.employeesearchtestcases">
    <failure/>
  </testcase> <!-- TC_59_PSC_Employee_Information_RehireTerminate_ZeroDeferral_Scenario1 -->
  <testcase name="TC012_SIT_PSC_HomePage_02_TC003_Compliance_Security" time="128.819" classname="app.psc.testcases.accountverification.accountverification_existingusr">
    <failure/>
  </testcase> <!-- TC012_SIT_PSC_HomePage_02_TC003_Compliance_Security -->
  <testcase name="TC_59_PSC_Employee_Information_RehireTerminate_ZeroDeferral_Scenario2" time="122.063" classname="app.psc.testcases.employeesearch.employeesearchtestcases">
    <failure/>
  </testcase> <!-- TC_59_PSC_Employee_Information_RehireTerminate_ZeroDeferral_Scenario2 -->
  <testcase name="TC_59_PSC_Employee_Information_RehireTerminate_ZeroDeferral_Scenario3" time="157.811" classname="app.psc.testcases.employeesearch.employeesearchtestcases">
    <failure/>
  </testcase> <!-- TC_59_PSC_Employee_Information_RehireTerminate_ZeroDeferral_Scenario3 -->
  <testcase name="TC_59_PSC_Employee_Information_RehireTerminate_ZeroDeferral_Scenario4" time="156.153" classname="app.psc.testcases.employeesearch.employeesearchtestcases">
    <failure/>
  </testcase> <!-- TC_59_PSC_Employee_Information_RehireTerminate_ZeroDeferral_Scenario4 -->
  <testcase name="TC_61_SIT_PSC_Search_Employee_based_on_User_access" time="90.24" classname="app.psc.testcases.employeesearch.employeesearchtestcases">
    <failure/>
  </testcase> <!-- TC_61_SIT_PSC_Search_Employee_based_on_User_access -->
  <testcase name="TC_61_SIT_PSC_Search_Employee_based_on_User_access" time="10.243" classname="app.psc.testcases.employeesearch.employeesearchtestcases">
    <failure/>
  </testcase> <!-- TC_61_SIT_PSC_Search_Employee_based_on_User_access -->
  <testcase name="TC_61_SIT_PSC_Search_Employee_based_on_User_access" time="9.8" classname="app.psc.testcases.employeesearch.employeesearchtestcases">
    <failure/>
  </testcase> <!-- TC_61_SIT_PSC_Search_Employee_based_on_User_access -->
  <testcase name="TC022_Verify_if_the_clicking_on_a_searchresults_redirects_to_employee_overview_page" time="0.0" classname="app.psc.testcases.employeesearch.employeesearchtestcases_db">
    <ignored/>
  </testcase> <!-- TC022_Verify_if_the_clicking_on_a_searchresults_redirects_to_employee_overview_page -->
  <testcase name="TC01_search_plan_for_valid_plan" time="0.0" classname="app.psc.testcases.plan.plansearchtestcases">
    <ignored/>
  </testcase> <!-- TC01_search_plan_for_valid_plan -->
  <testcase name="TC028_Recently_Viewed_Switch_Participant_Reg" time="0.0" classname="app.psc.testcases.employeesearch.employeesearchtestcases">
    <ignored/>
  </testcase> <!-- TC028_Recently_Viewed_Switch_Participant_Reg -->
  <testcase name="TC024_Verify_Filter_Functionality_Search_Results_Page" time="0.0" classname="app.psc.testcases.employeesearch.employeesearchtestcases_db">
    <ignored/>
  </testcase> <!-- TC024_Verify_Filter_Functionality_Search_Results_Page -->
  <testcase name="TC31_Disable_PAE_then_renable_PAE" time="0.0" classname="app.psc.testcases.employeesearch.employeesearchtestcases">
    <ignored/>
  </testcase> <!-- TC31_Disable_PAE_then_renable_PAE -->
  <testcase name="TC003_UI_Validations_On_JumpPage" time="0.0" classname="app.psc.testcases.login.logintestcases">
    <ignored/>
  </testcase> <!-- TC003_UI_Validations_On_JumpPage -->
  <testcase name="TC03_Validate_Error_Message_When_Invalid_Plan_Number_Entered" time="0.0" classname="app.psc.testcases.plan.plansearchtestcases">
    <ignored/>
  </testcase> <!-- TC03_Validate_Error_Message_When_Invalid_Plan_Number_Entered -->
  <testcase name="TC_51_Add_New_Employee_View_Page" time="0.0" classname="app.psc.testcases.employeesearch.employeesearchtestcases">
    <ignored/>
  </testcase> <!-- TC_51_Add_New_Employee_View_Page -->
  <testcase name="TC020_Recently_Viewed_Employee" time="0.0" classname="app.psc.testcases.employeesearch.employeesearchtestcases">
    <ignored/>
  </testcase> <!-- TC020_Recently_Viewed_Employee -->
  <testcase name="TC021_Verify_Search_results_are_displayed_as_Hyperlinks" time="0.0" classname="app.psc.testcases.employeesearch.employeesearchtestcases_db">
    <ignored/>
  </testcase> <!-- TC021_Verify_Search_results_are_displayed_as_Hyperlinks -->
  <testcase name="TC_50_SSN_Multiple_Plan_PAE" time="0.0" classname="app.psc.testcases.employeesearch.employeesearchtestcases">
    <ignored/>
  </testcase> <!-- TC_50_SSN_Multiple_Plan_PAE -->
  <testcase name="TC12_3rd_Level_Links" time="0.0" classname="app.psc.testcases.plan.plansearchtestcases">
    <ignored/>
  </testcase> <!-- TC12_3rd_Level_Links -->
  <testcase name="TC006_01_Verify_Force_Login" time="0.0" classname="app.psc.testcases.login.logintestcases">
    <ignored/>
  </testcase> <!-- TC006_01_Verify_Force_Login -->
  <testcase name="TC019_Verify_the_Pagination_on_search_results_page" time="0.0" classname="app.psc.testcases.employeesearch.employeesearchtestcases_db">
    <ignored/>
  </testcase> <!-- TC019_Verify_the_Pagination_on_search_results_page -->
  <testcase name="TC028_Verify_search_results_are_displayed_for_termed_employees" time="0.0" classname="app.psc.testcases.employeesearch.employeesearchtestcases_db">
    <ignored/>
  </testcase> <!-- TC028_Verify_search_results_are_displayed_for_termed_employees -->
  <testcase name="TC002_Search_Employee_For_Invalid_SSN" time="0.0" classname="app.psc.testcases.employeesearch.employeesearchtestcases">
    <ignored/>
  </testcase> <!-- TC002_Search_Employee_For_Invalid_SSN -->
  <testcase name="TC001_09_Verify_Jump_Page_Not_Displayed_When_AcessToPlanInSingleSite" time="0.0" classname="app.psc.testcases.login.logintestcases">
    <ignored/>
  </testcase> <!-- TC001_09_Verify_Jump_Page_Not_Displayed_When_AcessToPlanInSingleSite -->
  <testcase name="TC002_01_Verify_Existing_User_Error_Messages_PreLogin" time="0.0" classname="app.psc.testcases.login.logintestcases">
    <ignored/>
  </testcase> <!-- TC002_01_Verify_Existing_User_Error_Messages_PreLogin -->
  <testcase name="TC36_SIT_PSC_Employee_Overview_DB_plans_Enrollment_Elligibility_Not_displayed" time="0.0" classname="app.psc.testcases.employeesearch.employeesearchtestcases">
    <ignored/>
  </testcase> <!-- TC36_SIT_PSC_Employee_Overview_DB_plans_Enrollment_Elligibility_Not_displayed -->
  <testcase name="TC011_Verify_the_Search_results_for_Name_doesnot_Contain_duplicate_Values" time="0.0" classname="app.psc.testcases.employeesearch.employeesearchtestcases">
    <ignored/>
  </testcase> <!-- TC011_Verify_the_Search_results_for_Name_doesnot_Contain_duplicate_Values -->
  <testcase name="TC02_Validate_error_message_when_plan_field_is_left_blank" time="0.0" classname="app.psc.testcases.plan.plansearchtestcases">
    <ignored/>
  </testcase> <!-- TC02_Validate_error_message_when_plan_field_is_left_blank -->
  <testcase name="TC010_01_Verify_Restyled_Button_Home_Page_For_Sentence_Case" time="0.0" classname="app.psc.testcases.login.logintestcases">
    <ignored/>
  </testcase> <!-- TC010_01_Verify_Restyled_Button_Home_Page_For_Sentence_Case -->
  <testcase name="TC43_SIT_PSC_User_Remember_Search_Employee_Selection" time="0.0" classname="app.psc.testcases.employeesearch.employeesearchtestcases">
    <ignored/>
  </testcase> <!-- TC43_SIT_PSC_User_Remember_Search_Employee_Selection -->
  <testcase name="TC24_Investment_Charts_Page" time="0.0" classname="app.psc.testcases.plan.plantestcases">
    <ignored/>
  </testcase> <!-- TC24_Investment_Charts_Page -->
  <testcase name="TC026_Verify_Employee_Basic_Info" time="0.0" classname="app.psc.testcases.employeesearch.employeesearchtestcases">
    <ignored/>
  </testcase> <!-- TC026_Verify_Employee_Basic_Info -->
  <testcase name="TC_46_SIT_PSC_Add_Employee_Autosite_Plan_Display_Angular_Page" time="0.0" classname="app.psc.testcases.employeesearch.employeesearchtestcases">
    <ignored/>
  </testcase> <!-- TC_46_SIT_PSC_Add_Employee_Autosite_Plan_Display_Angular_Page -->
  <testcase name="TC_45_SIT_PSC_Add_Employee_Autosite_Plan_Display_Angular_Page" time="0.0" classname="app.psc.testcases.employeesearch.employeesearchtestcases">
    <ignored/>
  </testcase> <!-- TC_45_SIT_PSC_Add_Employee_Autosite_Plan_Display_Angular_Page -->
  <testcase name="TC37_SIT_PSC_Recentlyviewed_MouseOver" time="0.0" classname="app.psc.testcases.employeesearch.employeesearchtestcases">
    <ignored/>
  </testcase> <!-- TC37_SIT_PSC_Recentlyviewed_MouseOver -->
  <testcase name="TC022_Paycheck_contribution_View" time="0.0" classname="app.psc.testcases.employeesearch.employeesearchtestcases">
    <ignored/>
  </testcase> <!-- TC022_Paycheck_contribution_View -->
  <testcase name="TC05_01_SIT_PSC_HomePage_01_TC001_frame_on_Dashboard_Filesharing_and_Reports_pages" time="0.0" classname="app.psc.testcases.login.logintestcases">
    <ignored/>
  </testcase> <!-- TC05_01_SIT_PSC_HomePage_01_TC001_frame_on_Dashboard_Filesharing_and_Reports_pages -->
  <testcase name="TC013_Verify_the_Search_results_for_pptID_doesnot_Contain_duplicate_Values" time="0.0" classname="app.psc.testcases.employeesearch.employeesearchtestcases">
    <ignored/>
  </testcase> <!-- TC013_Verify_the_Search_results_for_pptID_doesnot_Contain_duplicate_Values -->
  <testcase name="TC007_01_display_correct_date_and_time_of_my_last_login" time="0.0" classname="app.psc.testcases.login.logintestcases">
    <ignored/>
  </testcase> <!-- TC007_01_display_correct_date_and_time_of_my_last_login -->
  <testcase name="TC001_Search_Employee_For_Valid_SSN" time="0.0" classname="app.psc.testcases.employeesearch.employeesearchtestcases">
    <ignored/>
  </testcase> <!-- TC001_Search_Employee_For_Valid_SSN -->
  <testcase name="TC009_01_Verify_To_Do_List_Site_Navigator" time="0.0" classname="app.psc.testcases.login.logintestcases">
    <ignored/>
  </testcase> <!-- TC009_01_Verify_To_Do_List_Site_Navigator -->
  <testcase name="TC017_01_Internal_Employee_External_Client_Login" time="0.0" classname="app.psc.testcases.login.logintestcases">
    <ignored/>
  </testcase> <!-- TC017_01_Internal_Employee_External_Client_Login -->
  <testcase name="TC012_Verify_the_Search_results_for_EmployeeID_doesnot_Contain_duplicate_Values" time="0.0" classname="app.psc.testcases.employeesearch.employeesearchtestcases">
    <ignored/>
  </testcase> <!-- TC012_Verify_the_Search_results_for_EmployeeID_doesnot_Contain_duplicate_Values -->
  <testcase name="Verify_TUDS_table_for_Magic_login" time="0.0" classname="app.psc.testcases.userverification.userverificationtestcases">
    <ignored/>
  </testcase> <!-- Verify_TUDS_table_for_Magic_login -->
  <testcase name="TC09_Verify_employee_details_displayed_for_invalid_participant_id" time="0.0" classname="app.psc.testcases.employeesearch.employeesearchtestcases">
    <ignored/>
  </testcase> <!-- TC09_Verify_employee_details_displayed_for_invalid_participant_id -->
  <testcase name="TC06_SIT_PSC_Investment_Fixed_Investment_Rates_Page" time="0.0" classname="app.psc.testcases.plan.plansearchtestcases">
    <ignored/>
  </testcase> <!-- TC06_SIT_PSC_Investment_Fixed_Investment_Rates_Page -->
  <testcase name="TC004_Search_Employee_For_Invalid_Name_Input" time="0.0" classname="app.psc.testcases.employeesearch.employeesearchtestcases">
    <ignored/>
  </testcase> <!-- TC004_Search_Employee_For_Invalid_Name_Input -->
  <testcase name="TC017_Verify_the_dropdown_options_And_Screen_elements" time="0.0" classname="app.psc.testcases.employeesearch.employeesearchtestcases_db">
    <ignored/>
  </testcase> <!-- TC017_Verify_the_dropdown_options_And_Screen_elements -->
  <testcase name="TC023_EnrolmmentAndEligibility" time="0.0" classname="app.psc.testcases.employeesearch.employeesearchtestcases">
    <ignored/>
  </testcase> <!-- TC023_EnrolmmentAndEligibility -->
  <testcase name="TC018_Employee_Contact_Info_Verification" time="0.0" classname="app.psc.testcases.employeesearch.employeesearchtestcases">
    <ignored/>
  </testcase> <!-- TC018_Employee_Contact_Info_Verification -->
  <testcase name="TC001_01_SIT_PSC_Sitenavigation_Menutabs" time="0.0" classname="app.psc.testcases.login.logintestcases">
    <ignored/>
  </testcase> <!-- TC001_01_SIT_PSC_Sitenavigation_Menutabs -->
  <testcase name="TC020_Verify_the_Order_of_search_results" time="0.0" classname="app.psc.testcases.employeesearch.employeesearchtestcases_db">
    <ignored/>
  </testcase> <!-- TC020_Verify_the_Order_of_search_results -->
  <testcase name="TC018_Security_Question_Validation_Existing_User" time="0.0" classname="app.psc.testcases.accountverification.accountverification_existingusr">
    <ignored/>
  </testcase> <!-- TC018_Security_Question_Validation_Existing_User -->
  <testcase name="TC03_Verify_planDetails_Populated" time="0.0" classname="app.psc.testcases.plan.plansearchtestcases">
    <ignored/>
  </testcase> <!-- TC03_Verify_planDetails_Populated -->
  <testcase name="TC025_Verify_search_results_for_ssn_with_extension" time="0.0" classname="app.psc.testcases.employeesearch.employeesearchtestcases_db">
    <ignored/>
  </testcase> <!-- TC025_Verify_search_results_for_ssn_with_extension -->
  <testcase name="TC04_Validate_Plan_Page_When_PlanName_Entered" time="0.0" classname="app.psc.testcases.plan.plansearchtestcases">
    <ignored/>
  </testcase> <!-- TC04_Validate_Plan_Page_When_PlanName_Entered -->
  <testcase name="TC39_SIT_PSC_Accountdetail_Vesting_Reg" time="0.0" classname="app.psc.testcases.employeesearch.employeesearchtestcases">
    <ignored/>
  </testcase> <!-- TC39_SIT_PSC_Accountdetail_Vesting_Reg -->
  <testcase name="TC008_00_Verify_new_user_flow_positive" time="0.0" classname="app.psc.testcases.accountverification.accountverificationtestcases">
    <ignored/>
  </testcase> <!-- TC008_00_Verify_new_user_flow_positive -->
  <testcase name="TC004_Verify_PLUser_Login_With_No_Plna_Access" time="0.0" classname="app.psc.testcases.login.logintestcases">
    <ignored/>
  </testcase> <!-- TC004_Verify_PLUser_Login_With_No_Plna_Access -->
  <testcase name="TC008_01_Verify_Equality_Of_SessionID_From_Browser_And_DB" time="0.0" classname="app.psc.testcases.login.logintestcases">
    <ignored/>
  </testcase> <!-- TC008_01_Verify_Equality_Of_SessionID_From_Browser_And_DB -->
  <testcase name="TC30_Account_balance_Tab" time="0.0" classname="app.psc.testcases.employeesearch.employeesearchtestcases">
    <ignored/>
  </testcase> <!-- TC30_Account_balance_Tab -->
  <testcase name="TC_54_Employee_Overview_With_Active_Models" time="0.0" classname="app.psc.testcases.employeesearch.employeesearchtestcases">
    <ignored/>
  </testcase> <!-- TC_54_Employee_Overview_With_Active_Models -->
  <testcase name="TC001_02_SIT_PSC_Sitenavigation_SubMenutabs" time="0.0" classname="app.psc.testcases.login.logintestcases">
    <ignored/>
  </testcase> <!-- TC001_02_SIT_PSC_Sitenavigation_SubMenutabs -->
  <testcase name="TC021_Salary_View_And_Update" time="0.0" classname="app.psc.testcases.employeesearch.employeesearchtestcases">
    <ignored/>
  </testcase> <!-- TC021_Salary_View_And_Update -->
  <testcase name="TC42_Paycheck_Contribution_History" time="0.0" classname="app.psc.testcases.employeesearch.employeesearchtestcases">
    <ignored/>
  </testcase> <!-- TC42_Paycheck_Contribution_History -->
  <testcase name="TC_48_AccountDetail_Transacion_History_Reg" time="0.0" classname="app.psc.testcases.employeesearch.employeesearchtestcases">
    <ignored/>
  </testcase> <!-- TC_48_AccountDetail_Transacion_History_Reg -->
  <testcase name="TC025_Verify_Employee_Overview_PlanList_Balance_Section" time="0.0" classname="app.psc.testcases.employeesearch.employeesearchtestcases">
    <ignored/>
  </testcase> <!-- TC025_Verify_Employee_Overview_PlanList_Balance_Section -->
  <testcase name="TC35_SIT_PSC_Statements_Tab" time="0.0" classname="app.psc.testcases.employeesearch.employeesearchtestcases">
    <ignored/>
  </testcase> <!-- TC35_SIT_PSC_Statements_Tab -->
  <testcase name="TC015_Check_For_Plans_With_one_division" time="0.0" classname="app.psc.testcases.employeesearch.employeesearchtestcases">
    <ignored/>
  </testcase> <!-- TC015_Check_For_Plans_With_one_division -->
  <testcase name="TC07_Verify_employee_details_displayed_for_plans_with_divisions" time="0.0" classname="app.psc.testcases.employeesearch.employeesearchtestcases">
    <ignored/>
  </testcase> <!-- TC07_Verify_employee_details_displayed_for_plans_with_divisions -->
  <testcase name="TC003_Search_Employee_For_Valid_Name_Input" time="0.0" classname="app.psc.testcases.employeesearch.employeesearchtestcases">
    <ignored/>
  </testcase> <!-- TC003_Search_Employee_For_Valid_Name_Input -->
  <testcase name="TC023_Verify_the_limit_of_search_results_on_searchpage" time="0.0" classname="app.psc.testcases.employeesearch.employeesearchtestcases_db">
    <ignored/>
  </testcase> <!-- TC023_Verify_the_limit_of_search_results_on_searchpage -->
  <testcase name="TC019_Verify_Beneficiary_Info" time="0.0" classname="app.psc.testcases.employeesearch.employeesearchtestcases">
    <ignored/>
  </testcase> <!-- TC019_Verify_Beneficiary_Info -->
  <testcase name="TC07_SIT_PSC_Investment_Asset_Allocations_page" time="0.0" classname="app.psc.testcases.plan.plansearchtestcases">
    <ignored/>
  </testcase> <!-- TC07_SIT_PSC_Investment_Asset_Allocations_page -->
  <testcase name="TC006_01_Verify_Error_Message_For_Terminated_User" time="0.0" classname="app.psc.testcases.login.logintestcases">
    <ignored/>
  </testcase> <!-- TC006_01_Verify_Error_Message_For_Terminated_User -->
  <testcase name="TC13_PLN_ADM_View_Change_Banking_Information_Regr" time="0.0" classname="app.psc.testcases.plan.plansearchtestcases">
    <ignored/>
  </testcase> <!-- TC13_PLN_ADM_View_Change_Banking_Information_Regr -->
  <testcase name="TC08_Disable_certain_user_edit_fields_for_SAW" time="0.0" classname="app.psc.testcases.plan.plansearchtestcases">
    <ignored/>
  </testcase> <!-- TC08_Disable_certain_user_edit_fields_for_SAW -->
  <testcase name="TC002_Verify_Jump_Page_Displayed_When_AcessToPlansInAllSites" time="0.0" classname="app.psc.testcases.login.logintestcases">
    <ignored/>
  </testcase> <!-- TC002_Verify_Jump_Page_Displayed_When_AcessToPlansInAllSites -->
  <testcase name="TC14_SIT_PSC_Investment_Options" time="0.0" classname="app.psc.testcases.plan.plansearchtestcases">
    <ignored/>
  </testcase> <!-- TC14_SIT_PSC_Investment_Options -->
  <testcase name="TC009_01_Verify_Multifactoring" time="0.0" classname="app.psc.testcases.accountverification.accountverification_existingusr">
    <ignored/>
  </testcase> <!-- TC009_01_Verify_Multifactoring -->
  <testcase name="TC008_02_Verify_Login_Flow_Security_Answer_Select_Security_Questions_Same" time="0.0" classname="app.psc.testcases.accountverification.accountverificationtestcases">
    <ignored/>
  </testcase> <!-- TC008_02_Verify_Login_Flow_Security_Answer_Select_Security_Questions_Same -->
  <testcase name="TC25_Investment_Document_Page" time="0.0" classname="app.psc.testcases.plan.plantestcases">
    <ignored/>
  </testcase> <!-- TC25_Investment_Document_Page -->
  <testcase name="TC005_Search_Employee_For_Valid_EmployeeID_Input" time="0.0" classname="app.psc.testcases.employeesearch.employeesearchtestcases">
    <ignored/>
  </testcase> <!-- TC005_Search_Employee_For_Valid_EmployeeID_Input -->
  <testcase name="TC005_01_Verify_User_Account_Locking_For_Max_Invalid_Attempt" time="0.0" classname="app.psc.testcases.login.logintestcases">
    <ignored/>
  </testcase> <!-- TC005_01_Verify_User_Account_Locking_For_Max_Invalid_Attempt -->
  <testcase name="TC_53_Participant_Investments_Tab" time="0.0" classname="app.psc.testcases.employeesearch.employeesearchtestcases">
    <ignored/>
  </testcase> <!-- TC_53_Participant_Investments_Tab -->
  <testcase name="TC_56_Info_Message_New_User" time="0.0" classname="app.psc.testcases.employeesearch.employeesearchtestcases">
    <ignored/>
  </testcase> <!-- TC_56_Info_Message_New_User -->
  <testcase name="TC10_SIT_PSC_Fiduciary_Records_Plan_Documents_No_Part_grouping" time="0.0" classname="app.psc.testcases.plan.plansearchtestcases">
    <ignored/>
  </testcase> <!-- TC10_SIT_PSC_Fiduciary_Records_Plan_Documents_No_Part_grouping -->
  <testcase name="TC014_Verify_the_Search_results_for_Plans_with_Div_doesnot_Contain_duplicate_Values" time="0.0" classname="app.psc.testcases.employeesearch.employeesearchtestcases">
    <ignored/>
  </testcase> <!-- TC014_Verify_the_Search_results_for_Plans_with_Div_doesnot_Contain_duplicate_Values -->
  <testcase name="TC010_Verify_the_Search_results_for_SSN_doesnot_Contain_duplicate_Values" time="0.0" classname="app.psc.testcases.employeesearch.employeesearchtestcases">
    <ignored/>
  </testcase> <!-- TC010_Verify_the_Search_results_for_SSN_doesnot_Contain_duplicate_Values -->
  <testcase name="TC016_Check_For_Plans_With_multiple_divisions" time="0.0" classname="app.psc.testcases.employeesearch.employeesearchtestcases">
    <ignored/>
  </testcase> <!-- TC016_Check_For_Plans_With_multiple_divisions -->
  <testcase name="TC004_01_Verify_Header_and_Footer_Links_PreLogin" time="0.0" classname="app.psc.testcases.login.logintestcases">
    <ignored/>
  </testcase> <!-- TC004_01_Verify_Header_and_Footer_Links_PreLogin -->
  <testcase name="TC41_SIT_PSC_Accountdetail_Paycheck_Contribution_YTD" time="0.0" classname="app.psc.testcases.employeesearch.employeesearchtestcases">
    <ignored/>
  </testcase> <!-- TC41_SIT_PSC_Accountdetail_Paycheck_Contribution_YTD -->
  <testcase name="TC006_Search_Employee_For_Invalid_EmployeeID_Input" time="0.0" classname="app.psc.testcases.employeesearch.employeesearchtestcases">
    <ignored/>
  </testcase> <!-- TC006_Search_Employee_For_Invalid_EmployeeID_Input -->
  <testcase name="TC_55_Loan_Summary_Table_External_Loan" time="0.0" classname="app.psc.testcases.employeesearch.employeesearchtestcases">
    <ignored/>
  </testcase> <!-- TC_55_Loan_Summary_Table_External_Loan -->
  <testcase name="TC018_Verify_the_sorting_in_search_results" time="0.0" classname="app.psc.testcases.employeesearch.employeesearchtestcases_db">
    <ignored/>
  </testcase> <!-- TC018_Verify_the_sorting_in_search_results -->
  <testcase name="TC08_Verify_employee_details_displayed_for_valid_participant_id" time="0.0" classname="app.psc.testcases.employeesearch.employeesearchtestcases">
    <ignored/>
  </testcase> <!-- TC08_Verify_employee_details_displayed_for_valid_participant_id -->
  <testcase name="TC007_02_Verify_Login_Flow_Existing_User_New_Browser_Invalid_input" time="0.0" classname="app.psc.testcases.userverification.userverificationtestcases">
    <ignored/>
  </testcase> <!-- TC007_02_Verify_Login_Flow_Existing_User_New_Browser_Invalid_input -->
  <testcase name="TC024_Verify_Employee_Overview_Screen_Elements" time="0.0" classname="app.psc.testcases.employeesearch.employeesearchtestcases">
    <ignored/>
  </testcase> <!-- TC024_Verify_Employee_Overview_Screen_Elements -->
  <testcase name="TC013_SIT_PSC_HomePage_01_TC010_Regression_Testing_New_Pages" time="0.0" classname="app.psc.testcases.accountverification.accountverification_existingusr">
    <ignored/>
  </testcase> <!-- TC013_SIT_PSC_HomePage_01_TC010_Regression_Testing_New_Pages -->
</testsuite> <!-- Regression_Orange_Period_Execution_1 -->
