<?xml version="1.0" encoding="UTF-8"?>
<!-- Generated by org.testng.reporters.JUnitXMLReporter -->
<testsuite hostname="XWJPMDD177" ignored="36" name="Regression_Yelow_Period_Execution_3" tests="28" failures="27" timestamp="27 Sep 2017 14:23:16 GMT" time="1835.741" errors="0">
  <testcase name="TC011_Verify_the_Search_results_for_Name_doesnot_Contain_duplicate_Values" time="73.163" classname="app.psc.testcases.employeesearch.employeesearchtestcases">
    <failure/>
  </testcase> <!-- TC011_Verify_the_Search_results_for_Name_doesnot_Contain_duplicate_Values -->
  <testcase name="TC012_Verify_the_Search_results_for_EmployeeID_doesnot_Contain_duplicate_Values" time="78.891" classname="app.psc.testcases.employeesearch.employeesearchtestcases"/>
  <testcase name="TC023_EnrolmmentAndEligibility" time="195.773" classname="app.psc.testcases.employeesearch.employeesearchtestcases">
    <failure/>
  </testcase> <!-- TC023_EnrolmmentAndEligibility -->
  <testcase name="TC026_Verify_Employee_Basic_Info" time="274.08" classname="app.psc.testcases.employeesearch.employeesearchtestcases">
    <failure/>
  </testcase> <!-- TC026_Verify_Employee_Basic_Info -->
  <testcase name="TC027_Verify_Subset_History_Section" time="215.308" classname="app.psc.testcases.employeesearch.employeesearchtestcases">
    <failure/>
  </testcase> <!-- TC027_Verify_Subset_History_Section -->
  <testcase name="TC029_Edit_Enrollment_And_Eligibility" time="136.471" classname="app.psc.testcases.employeesearch.employeesearchtestcases">
    <failure/>
  </testcase> <!-- TC029_Edit_Enrollment_And_Eligibility -->
  <testcase name="TC30_Account_balance_Tab" time="9.098" classname="app.psc.testcases.employeesearch.employeesearchtestcases">
    <failure/>
  </testcase> <!-- TC30_Account_balance_Tab -->
  <testcase name="TC32_Supress_Menu_Items_for_TRS_Flex" time="452.701" classname="app.psc.testcases.employeesearch.employeesearchtestcases">
    <failure/>
  </testcase> <!-- TC32_Supress_Menu_Items_for_TRS_Flex -->
  <testcase name="TC33_Suppress_Account_Detail_elements_TRS_NonTRS" time="11.007" classname="app.psc.testcases.employeesearch.employeesearchtestcases">
    <failure/>
  </testcase> <!-- TC33_Suppress_Account_Detail_elements_TRS_NonTRS -->
  <testcase name="TC34_SIT_PSC_Accountdetail_Allocations_Reg" time="254.889" classname="app.psc.testcases.employeesearch.employeesearchtestcases">
    <failure/>
  </testcase> <!-- TC34_SIT_PSC_Accountdetail_Allocations_Reg -->
  <testcase name="TC40_SIT_PSC_Accountdetail_Loans_Reg" time="6.061" classname="app.psc.testcases.employeesearch.employeesearchtestcases">
    <failure/>
  </testcase> <!-- TC40_SIT_PSC_Accountdetail_Loans_Reg -->
  <testcase name="TC41_SIT_PSC_Accountdetail_Paycheck_Contribution_YTD" time="6.043" classname="app.psc.testcases.employeesearch.employeesearchtestcases">
    <failure/>
  </testcase> <!-- TC41_SIT_PSC_Accountdetail_Paycheck_Contribution_YTD -->
  <testcase name="TC_44_Enroll_And_Eligibility_Fields_Type_Validations" time="6.062" classname="app.psc.testcases.employeesearch.employeesearchtestcases">
    <failure/>
  </testcase> <!-- TC_44_Enroll_And_Eligibility_Fields_Type_Validations -->
  <testcase name="TC_45_SIT_PSC_Add_Employee_Autosite_Plan_Display_Angular_Page" time="6.063" classname="app.psc.testcases.employeesearch.employeesearchtestcases">
    <failure/>
  </testcase> <!-- TC_45_SIT_PSC_Add_Employee_Autosite_Plan_Display_Angular_Page -->
  <testcase name="TC_46_SIT_PSC_Add_Employee_Autosite_Plan_Display_Angular_Page" time="6.061" classname="app.psc.testcases.employeesearch.employeesearchtestcases">
    <failure/>
  </testcase> <!-- TC_46_SIT_PSC_Add_Employee_Autosite_Plan_Display_Angular_Page -->
  <testcase name="TC_51_Add_New_Employee_View_Page" time="6.046" classname="app.psc.testcases.employeesearch.employeesearchtestcases">
    <failure/>
  </testcase> <!-- TC_51_Add_New_Employee_View_Page -->
  <testcase name="TC_50_SSN_Multiple_Plan_PAE" time="6.066" classname="app.psc.testcases.employeesearch.employeesearchtestcases">
    <failure/>
  </testcase> <!-- TC_50_SSN_Multiple_Plan_PAE -->
  <testcase name="TC_56_PSC_Employee_Information_NonZeroDeferral_Terminated_GreaterThan_18Month" time="6.34" classname="app.psc.testcases.employeesearch.employeesearchtestcases">
    <failure/>
  </testcase> <!-- TC_56_PSC_Employee_Information_NonZeroDeferral_Terminated_GreaterThan_18Month -->
  <testcase name="TC_57_PSC_Employee_Information_NonZeroDeferral_TerminatedLessThen_18Month" time="2.104" classname="app.psc.testcases.employeesearch.employeesearchtestcases">
    <failure/>
  </testcase> <!-- TC_57_PSC_Employee_Information_NonZeroDeferral_TerminatedLessThen_18Month -->
  <testcase name="TC_58_PSC_Employee_Information_RehireTerminate_NonZeroDeferral_Active" time="6.157" classname="app.psc.testcases.employeesearch.employeesearchtestcases">
    <failure/>
  </testcase> <!-- TC_58_PSC_Employee_Information_RehireTerminate_NonZeroDeferral_Active -->
  <testcase name="TC_60_PSC_Employee_Information_Active_ChageHireInfo" time="6.149" classname="app.psc.testcases.employeesearch.employeesearchtestcases">
    <failure/>
  </testcase> <!-- TC_60_PSC_Employee_Information_Active_ChageHireInfo -->
  <testcase name="TC_59_PSC_Employee_Information_RehireTerminate_ZeroDeferral_Scenario1" time="6.415" classname="app.psc.testcases.employeesearch.employeesearchtestcases">
    <failure/>
  </testcase> <!-- TC_59_PSC_Employee_Information_RehireTerminate_ZeroDeferral_Scenario1 -->
  <testcase name="TC_59_PSC_Employee_Information_RehireTerminate_ZeroDeferral_Scenario2" time="6.197" classname="app.psc.testcases.employeesearch.employeesearchtestcases">
    <failure/>
  </testcase> <!-- TC_59_PSC_Employee_Information_RehireTerminate_ZeroDeferral_Scenario2 -->
  <testcase name="TC_59_PSC_Employee_Information_RehireTerminate_ZeroDeferral_Scenario3" time="6.062" classname="app.psc.testcases.employeesearch.employeesearchtestcases">
    <failure/>
  </testcase> <!-- TC_59_PSC_Employee_Information_RehireTerminate_ZeroDeferral_Scenario3 -->
  <testcase name="TC_59_PSC_Employee_Information_RehireTerminate_ZeroDeferral_Scenario4" time="6.036" classname="app.psc.testcases.employeesearch.employeesearchtestcases">
    <failure/>
  </testcase> <!-- TC_59_PSC_Employee_Information_RehireTerminate_ZeroDeferral_Scenario4 -->
  <testcase name="TC_61_SIT_PSC_Search_Employee_based_on_User_access" time="6.083" classname="app.psc.testcases.employeesearch.employeesearchtestcases">
    <failure/>
  </testcase> <!-- TC_61_SIT_PSC_Search_Employee_based_on_User_access -->
  <testcase name="TC_61_SIT_PSC_Search_Employee_based_on_User_access" time="6.085" classname="app.psc.testcases.employeesearch.employeesearchtestcases">
    <failure/>
  </testcase> <!-- TC_61_SIT_PSC_Search_Employee_based_on_User_access -->
  <testcase name="TC_61_SIT_PSC_Search_Employee_based_on_User_access" time="6.054" classname="app.psc.testcases.employeesearch.employeesearchtestcases">
    <failure/>
  </testcase> <!-- TC_61_SIT_PSC_Search_Employee_based_on_User_access -->
  <testcase name="TC028_Recently_Viewed_Switch_Participant_Reg" time="0.0" classname="app.psc.testcases.employeesearch.employeesearchtestcases">
    <ignored/>
  </testcase> <!-- TC028_Recently_Viewed_Switch_Participant_Reg -->
  <testcase name="TC_47_Search_Emp_Locked_Plan" time="0.0" classname="app.psc.testcases.employeesearch.employeesearchtestcases">
    <ignored/>
  </testcase> <!-- TC_47_Search_Emp_Locked_Plan -->
  <testcase name="TC39_SIT_PSC_Accountdetail_Vesting_Reg" time="0.0" classname="app.psc.testcases.employeesearch.employeesearchtestcases">
    <ignored/>
  </testcase> <!-- TC39_SIT_PSC_Accountdetail_Vesting_Reg -->
  <testcase name="TC31_Disable_PAE_then_renable_PAE" time="0.0" classname="app.psc.testcases.employeesearch.employeesearchtestcases">
    <ignored/>
  </testcase> <!-- TC31_Disable_PAE_then_renable_PAE -->
  <testcase name="TC020_Recently_Viewed_Employee" time="0.0" classname="app.psc.testcases.employeesearch.employeesearchtestcases">
    <ignored/>
  </testcase> <!-- TC020_Recently_Viewed_Employee -->
  <testcase name="TC_54_Employee_Overview_With_Active_Models" time="0.0" classname="app.psc.testcases.employeesearch.employeesearchtestcases">
    <ignored/>
  </testcase> <!-- TC_54_Employee_Overview_With_Active_Models -->
  <testcase name="TC002_Search_Employee_For_Invalid_SSN" time="0.0" classname="app.psc.testcases.employeesearch.employeesearchtestcases">
    <ignored/>
  </testcase> <!-- TC002_Search_Employee_For_Invalid_SSN -->
  <testcase name="TC36_SIT_PSC_Employee_Overview_DB_plans_Enrollment_Elligibility_Not_displayed" time="0.0" classname="app.psc.testcases.employeesearch.employeesearchtestcases">
    <ignored/>
  </testcase> <!-- TC36_SIT_PSC_Employee_Overview_DB_plans_Enrollment_Elligibility_Not_displayed -->
  <testcase name="TC021_Salary_View_And_Update" time="0.0" classname="app.psc.testcases.employeesearch.employeesearchtestcases">
    <ignored/>
  </testcase> <!-- TC021_Salary_View_And_Update -->
  <testcase name="TC43_SIT_PSC_User_Remember_Search_Employee_Selection" time="0.0" classname="app.psc.testcases.employeesearch.employeesearchtestcases">
    <ignored/>
  </testcase> <!-- TC43_SIT_PSC_User_Remember_Search_Employee_Selection -->
  <testcase name="TC42_Paycheck_Contribution_History" time="0.0" classname="app.psc.testcases.employeesearch.employeesearchtestcases">
    <ignored/>
  </testcase> <!-- TC42_Paycheck_Contribution_History -->
  <testcase name="TC_48_AccountDetail_Transacion_History_Reg" time="0.0" classname="app.psc.testcases.employeesearch.employeesearchtestcases">
    <ignored/>
  </testcase> <!-- TC_48_AccountDetail_Transacion_History_Reg -->
  <testcase name="TC38_SIT_PSC_Accountdetail_Fees_Reg" time="0.0" classname="app.psc.testcases.employeesearch.employeesearchtestcases">
    <ignored/>
  </testcase> <!-- TC38_SIT_PSC_Accountdetail_Fees_Reg -->
  <testcase name="TC025_Verify_Employee_Overview_PlanList_Balance_Section" time="0.0" classname="app.psc.testcases.employeesearch.employeesearchtestcases">
    <ignored/>
  </testcase> <!-- TC025_Verify_Employee_Overview_PlanList_Balance_Section -->
  <testcase name="TC35_SIT_PSC_Statements_Tab" time="0.0" classname="app.psc.testcases.employeesearch.employeesearchtestcases">
    <ignored/>
  </testcase> <!-- TC35_SIT_PSC_Statements_Tab -->
  <testcase name="TC015_Check_For_Plans_With_one_division" time="0.0" classname="app.psc.testcases.employeesearch.employeesearchtestcases">
    <ignored/>
  </testcase> <!-- TC015_Check_For_Plans_With_one_division -->
  <testcase name="TC07_Verify_employee_details_displayed_for_plans_with_divisions" time="0.0" classname="app.psc.testcases.employeesearch.employeesearchtestcases">
    <ignored/>
  </testcase> <!-- TC07_Verify_employee_details_displayed_for_plans_with_divisions -->
  <testcase name="TC003_Search_Employee_For_Valid_Name_Input" time="0.0" classname="app.psc.testcases.employeesearch.employeesearchtestcases">
    <ignored/>
  </testcase> <!-- TC003_Search_Employee_For_Valid_Name_Input -->
  <testcase name="TC37_SIT_PSC_Recentlyviewed_MouseOver" time="0.0" classname="app.psc.testcases.employeesearch.employeesearchtestcases">
    <ignored/>
  </testcase> <!-- TC37_SIT_PSC_Recentlyviewed_MouseOver -->
  <testcase name="TC019_Verify_Beneficiary_Info" time="0.0" classname="app.psc.testcases.employeesearch.employeesearchtestcases">
    <ignored/>
  </testcase> <!-- TC019_Verify_Beneficiary_Info -->
  <testcase name="TC022_Paycheck_contribution_View" time="0.0" classname="app.psc.testcases.employeesearch.employeesearchtestcases">
    <ignored/>
  </testcase> <!-- TC022_Paycheck_contribution_View -->
  <testcase name="TC013_Verify_the_Search_results_for_pptID_doesnot_Contain_duplicate_Values" time="0.0" classname="app.psc.testcases.employeesearch.employeesearchtestcases">
    <ignored/>
  </testcase> <!-- TC013_Verify_the_Search_results_for_pptID_doesnot_Contain_duplicate_Values -->
  <testcase name="TC001_Search_Employee_For_Valid_SSN" time="0.0" classname="app.psc.testcases.employeesearch.employeesearchtestcases">
    <ignored/>
  </testcase> <!-- TC001_Search_Employee_For_Valid_SSN -->
  <testcase name="TC005_Search_Employee_For_Valid_EmployeeID_Input" time="0.0" classname="app.psc.testcases.employeesearch.employeesearchtestcases">
    <ignored/>
  </testcase> <!-- TC005_Search_Employee_For_Valid_EmployeeID_Input -->
  <testcase name="TC_53_Participant_Investments_Tab" time="0.0" classname="app.psc.testcases.employeesearch.employeesearchtestcases">
    <ignored/>
  </testcase> <!-- TC_53_Participant_Investments_Tab -->
  <testcase name="TC_56_Info_Message_New_User" time="0.0" classname="app.psc.testcases.employeesearch.employeesearchtestcases">
    <ignored/>
  </testcase> <!-- TC_56_Info_Message_New_User -->
  <testcase name="TC014_Verify_the_Search_results_for_Plans_with_Div_doesnot_Contain_duplicate_Values" time="0.0" classname="app.psc.testcases.employeesearch.employeesearchtestcases">
    <ignored/>
  </testcase> <!-- TC014_Verify_the_Search_results_for_Plans_with_Div_doesnot_Contain_duplicate_Values -->
  <testcase name="TC010_Verify_the_Search_results_for_SSN_doesnot_Contain_duplicate_Values" time="0.0" classname="app.psc.testcases.employeesearch.employeesearchtestcases">
    <ignored/>
  </testcase> <!-- TC010_Verify_the_Search_results_for_SSN_doesnot_Contain_duplicate_Values -->
  <testcase name="TC016_Check_For_Plans_With_multiple_divisions" time="0.0" classname="app.psc.testcases.employeesearch.employeesearchtestcases">
    <ignored/>
  </testcase> <!-- TC016_Check_For_Plans_With_multiple_divisions -->
  <testcase name="TC09_Verify_employee_details_displayed_for_invalid_participant_id" time="0.0" classname="app.psc.testcases.employeesearch.employeesearchtestcases">
    <ignored/>
  </testcase> <!-- TC09_Verify_employee_details_displayed_for_invalid_participant_id -->
  <testcase name="TC004_Search_Employee_For_Invalid_Name_Input" time="0.0" classname="app.psc.testcases.employeesearch.employeesearchtestcases">
    <ignored/>
  </testcase> <!-- TC004_Search_Employee_For_Invalid_Name_Input -->
  <testcase name="TC006_Search_Employee_For_Invalid_EmployeeID_Input" time="0.0" classname="app.psc.testcases.employeesearch.employeesearchtestcases">
    <ignored/>
  </testcase> <!-- TC006_Search_Employee_For_Invalid_EmployeeID_Input -->
  <testcase name="TC_55_Loan_Summary_Table_External_Loan" time="0.0" classname="app.psc.testcases.employeesearch.employeesearchtestcases">
    <ignored/>
  </testcase> <!-- TC_55_Loan_Summary_Table_External_Loan -->
  <testcase name="TC08_Verify_employee_details_displayed_for_valid_participant_id" time="0.0" classname="app.psc.testcases.employeesearch.employeesearchtestcases">
    <ignored/>
  </testcase> <!-- TC08_Verify_employee_details_displayed_for_valid_participant_id -->
  <testcase name="TC018_Employee_Contact_Info_Verification" time="0.0" classname="app.psc.testcases.employeesearch.employeesearchtestcases">
    <ignored/>
  </testcase> <!-- TC018_Employee_Contact_Info_Verification -->
  <testcase name="TC024_Verify_Employee_Overview_Screen_Elements" time="0.0" classname="app.psc.testcases.employeesearch.employeesearchtestcases">
    <ignored/>
  </testcase> <!-- TC024_Verify_Employee_Overview_Screen_Elements -->
</testsuite> <!-- Regression_Yelow_Period_Execution_3 -->
