<?xml version="1.0" encoding="UTF-8"?>
<!-- Generated by org.testng.reporters.JUnitXMLReporter -->
<testsuite hostname="XWJPMDD177" name="Regression_Yellow_Period_Execution_1" tests="57" failures="29" timestamp="14 Dec 2017 10:25:41 GMT" time="1970.158" errors="0">
  <testcase name="@AfterClass DriverQuite" time="0.0" classname="app.psc.testcases.accountverification.accountverificationtestcases">
    <failure type="java.lang.NullPointerException">
      <![CDATA[java.lang.NullPointerException
	at app.psc.testcases.accountverification.accountverificationtestcases.DriverQuite(accountverificationtestcases.java:582)
... Removed 24 stack frames]]>
    </failure>
  </testcase> <!-- @AfterClass DriverQuite -->
  <testcase name="TC007_02_Verify_Login_Flow_Existing_User_New_Browser_Invalid_input" time="47.798" classname="app.psc.testcases.userverification.userverificationtestcases"/>
  <testcase name="TC007_02_Verify_Login_Flow_Existing_User_New_Browser_Invalid_input" time="6.162" classname="app.psc.testcases.userverification.userverificationtestcases"/>
  <testcase name="TC007_02_Verify_Login_Flow_Existing_User_New_Browser_Invalid_input" time="5.728" classname="app.psc.testcases.userverification.userverificationtestcases"/>
  <testcase name="TC007_02_Verify_Login_Flow_Existing_User_New_Browser_Invalid_input" time="5.931" classname="app.psc.testcases.userverification.userverificationtestcases"/>
  <testcase name="TC007_02_Verify_Login_Flow_Existing_User_New_Browser_Invalid_input" time="5.899" classname="app.psc.testcases.userverification.userverificationtestcases"/>
  <testcase name="TC007_01_Verify_Login_Flow_Existing_User_NewBrowser_Valid_Input" time="111.065" classname="app.psc.testcases.userverification.userverificationtestcases">
    <failure/>
  </testcase> <!-- TC007_01_Verify_Login_Flow_Existing_User_NewBrowser_Valid_Input -->
  <testcase name="TC007_03_Verify_Login_Flow_Existing_User_withing_same_browser_session" time="54.906" classname="app.psc.testcases.userverification.userverificationtestcases"/>
  <testcase name="TC007_03_Verify_Login_Flow_Existing_User_withing_same_browser_session" time="79.803" classname="app.psc.testcases.userverification.userverificationtestcases"/>
  <testcase name="TC008_02_Verify_Login_Flow_Security_Answer_Select_Security_Questions_Same" time="20.217" classname="app.psc.testcases.accountverification.accountverificationtestcases">
    <failure/>
  </testcase> <!-- TC008_02_Verify_Login_Flow_Security_Answer_Select_Security_Questions_Same -->
  <testcase name="TC008_01_Verify_Login_Flow_Security_Answer_Invalid_Input_New_PSC_User" time="18.968" classname="app.psc.testcases.accountverification.accountverificationtestcases">
    <failure/>
  </testcase> <!-- TC008_01_Verify_Login_Flow_Security_Answer_Invalid_Input_New_PSC_User -->
  <testcase name="TC008_01_Verify_Login_Flow_Security_Answer_Invalid_Input_New_PSC_User" time="19.109" classname="app.psc.testcases.accountverification.accountverificationtestcases">
    <failure/>
  </testcase> <!-- TC008_01_Verify_Login_Flow_Security_Answer_Invalid_Input_New_PSC_User -->
  <testcase name="TC008_01_Verify_Login_Flow_Security_Answer_Invalid_Input_New_PSC_User" time="19.047" classname="app.psc.testcases.accountverification.accountverificationtestcases">
    <failure/>
  </testcase> <!-- TC008_01_Verify_Login_Flow_Security_Answer_Invalid_Input_New_PSC_User -->
  <testcase name="TC008_01_Verify_Login_Flow_Security_Answer_Invalid_Input_New_PSC_User" time="18.885" classname="app.psc.testcases.accountverification.accountverificationtestcases">
    <failure/>
  </testcase> <!-- TC008_01_Verify_Login_Flow_Security_Answer_Invalid_Input_New_PSC_User -->
  <testcase name="TC008_03_Verify_New_User_loginFlow_register_username_invalid_input" time="10.363" classname="app.psc.testcases.accountverification.accountverificationtestcases">
    <failure/>
  </testcase> <!-- TC008_03_Verify_New_User_loginFlow_register_username_invalid_input -->
  <testcase name="TC008_03_Verify_New_User_loginFlow_register_username_invalid_input" time="49.112" classname="app.psc.testcases.accountverification.accountverificationtestcases">
    <failure/>
  </testcase> <!-- TC008_03_Verify_New_User_loginFlow_register_username_invalid_input -->
  <testcase name="TC019_Verify_Default_Plan_Prompting" time="23.366" classname="app.psc.testcases.accountverification.accountverification_existingusr">
    <failure/>
  </testcase> <!-- TC019_Verify_Default_Plan_Prompting -->
  <testcase name="TC004_01_Verify_Changepasword_When_Password_Expired_Negative_Scenario" time="13.284" classname="app.psc.testcases.accountverification.accountverification_existingusr">
    <failure type="java.lang.NullPointerException">
      <![CDATA[java.lang.NullPointerException
	at app.psc.testcases.accountverification.accountverification_existingusr.TC004_01_Verify_Changepasword_When_Password_Expired_Negative_Scenario(accountverification_existingusr.java:109)
... Removed 24 stack frames]]>
    </failure>
  </testcase> <!-- TC004_01_Verify_Changepasword_When_Password_Expired_Negative_Scenario -->
  <testcase name="TC004_01_Verify_Changepasword_When_Password_Expired_Negative_Scenario" time="13.747" classname="app.psc.testcases.accountverification.accountverification_existingusr">
    <failure type="java.lang.NullPointerException">
      <![CDATA[java.lang.NullPointerException
	at app.psc.testcases.accountverification.accountverification_existingusr.TC004_01_Verify_Changepasword_When_Password_Expired_Negative_Scenario(accountverification_existingusr.java:109)
... Removed 24 stack frames]]>
    </failure>
  </testcase> <!-- TC004_01_Verify_Changepasword_When_Password_Expired_Negative_Scenario -->
  <testcase name="TC004_01_Verify_Changepasword_When_Password_Expired_Negative_Scenario" time="15.296" classname="app.psc.testcases.accountverification.accountverification_existingusr"/>
  <testcase name="TC004_01_Verify_Changepasword_When_Password_Expired_Negative_Scenario" time="15.17" classname="app.psc.testcases.accountverification.accountverification_existingusr"/>
  <testcase name="TC004_02_Verify_Changepasword_When_Password_Expired_Positive_Flow" time="67.98" classname="app.psc.testcases.accountverification.accountverification_existingusr"/>
  <testcase name="TC018_Security_Question_Validation_Existing_User" time="22.528" classname="app.psc.testcases.accountverification.accountverification_existingusr">
    <failure/>
  </testcase> <!-- TC018_Security_Question_Validation_Existing_User -->
  <testcase name="TC005_01_Verify_PSC_Users_Are_Unbale_To_Reuse_Last_Ten_Passwords" time="21.64" classname="app.psc.testcases.accountverification.accountverification_existingusr">
    <failure type="java.lang.NullPointerException">
      <![CDATA[java.lang.NullPointerException
	at app.psc.testcases.accountverification.accountverification_existingusr.TC005_01_Verify_PSC_Users_Are_Unbale_To_Reuse_Last_Ten_Passwords(accountverification_existingusr.java:473)
... Removed 24 stack frames]]>
    </failure>
  </testcase> <!-- TC005_01_Verify_PSC_Users_Are_Unbale_To_Reuse_Last_Ten_Passwords -->
  <testcase name="TC006_01_Verify_Display_Of_Notification_On_HomePage" time="117.71" classname="app.psc.testcases.accountverification.accountverification_existingusr">
    <failure/>
  </testcase> <!-- TC006_01_Verify_Display_Of_Notification_On_HomePage -->
  <testcase name="TC006_01_Verify_Display_Of_Notification_On_HomePage" time="117.968" classname="app.psc.testcases.accountverification.accountverification_existingusr">
    <failure/>
  </testcase> <!-- TC006_01_Verify_Display_Of_Notification_On_HomePage -->
  <testcase name="TC006_01_Verify_Display_Of_Compliance_On_HomePage" time="117.784" classname="app.psc.testcases.accountverification.accountverification_existingusr">
    <failure/>
  </testcase> <!-- TC006_01_Verify_Display_Of_Compliance_On_HomePage -->
  <testcase name="TC006_01_Verify_Display_Of_Compliance_On_HomePage" time="118.327" classname="app.psc.testcases.accountverification.accountverification_existingusr">
    <failure/>
  </testcase> <!-- TC006_01_Verify_Display_Of_Compliance_On_HomePage -->
  <testcase name="TC012_SIT_PSC_HomePage_02_TC003_Compliance_Security" time="34.24" classname="app.psc.testcases.accountverification.accountverification_existingusr">
    <failure/>
  </testcase> <!-- TC012_SIT_PSC_HomePage_02_TC003_Compliance_Security -->
  <testcase name="TC012_SIT_PSC_HomePage_02_TC003_Compliance_Security" time="33.643" classname="app.psc.testcases.accountverification.accountverification_existingusr"/>
  <testcase name="TC013_SIT_PSC_HomePage_01_TC010_Regression_Testing_New_Pages" time="33.303" classname="app.psc.testcases.accountverification.accountverification_existingusr">
    <failure/>
  </testcase> <!-- TC013_SIT_PSC_HomePage_01_TC010_Regression_Testing_New_Pages -->
  <testcase name="TC013_SIT_PSC_HomePage_01_TC010_Regression_Testing_New_Pages" time="22.906" classname="app.psc.testcases.accountverification.accountverification_existingusr"/>
  <testcase name="TC009_01_Verify_Multifactoring" time="0.181" classname="app.psc.testcases.accountverification.accountverification_existingusr">
    <failure type="java.lang.NullPointerException">
      <![CDATA[java.lang.NullPointerException
	at app.psc.testcases.accountverification.accountverification_existingusr.TC009_01_Verify_Multifactoring(accountverification_existingusr.java:684)
... Removed 24 stack frames]]>
    </failure>
  </testcase> <!-- TC009_01_Verify_Multifactoring -->
  <testcase name="TC012_01_Verify_User_Access_New_Plan_For_Invalid_Input" time="5.424" classname="app.psc.testcases.accountverification.accountverificationtest_plan">
    <failure/>
  </testcase> <!-- TC012_01_Verify_User_Access_New_Plan_For_Invalid_Input -->
  <testcase name="TC012_02_Verify_User_Access_New_Plan_For_Valid_Input" time="5.442" classname="app.psc.testcases.accountverification.accountverificationtest_plan">
    <failure/>
  </testcase> <!-- TC012_02_Verify_User_Access_New_Plan_For_Valid_Input -->
  <testcase name="TC006_01_Verify_Force_Login" time="17.156" classname="app.psc.testcases.login.logintestcases"/>
  <testcase name="TC017_01_Internal_Employee_External_Client_Login" time="11.65" classname="app.psc.testcases.login.logintestcases"/>
  <testcase name="TC017_01_Internal_Employee_External_Client_Login" time="11.139" classname="app.psc.testcases.login.logintestcases"/>
  <testcase name="TC002_01_Verify_Existing_User_Error_Messages_PreLogin" time="15.363" classname="app.psc.testcases.login.logintestcases"/>
  <testcase name="TC002_01_Verify_Existing_User_Error_Messages_PreLogin" time="13.574" classname="app.psc.testcases.login.logintestcases"/>
  <testcase name="TC002_01_Verify_Existing_User_Error_Messages_PreLogin" time="13.532" classname="app.psc.testcases.login.logintestcases"/>
  <testcase name="TC002_01_Verify_Existing_User_Error_Messages_PreLogin" time="13.51" classname="app.psc.testcases.login.logintestcases"/>
  <testcase name="TC004_01_Verify_Header_and_Footer_Links_PreLogin" time="38.166" classname="app.psc.testcases.login.logintestcases"/>
  <testcase name="TC004_02_Verify_Header_and_Footer_Links_PostLogin" time="32.067" classname="app.psc.testcases.login.logintestcases"/>
  <testcase name="TC006_01_Verify_Error_Message_For_Terminated_User" time="17.09" classname="app.psc.testcases.login.logintestcases">
    <failure/>
  </testcase> <!-- TC006_01_Verify_Error_Message_For_Terminated_User -->
  <testcase name="TC006_01_Verify_Error_Message_For_Terminated_User" time="21.313" classname="app.psc.testcases.login.logintestcases">
    <failure type="java.lang.NullPointerException">
      <![CDATA[java.lang.NullPointerException
	at app.psc.testcases.login.logintestcases.TC006_01_Verify_Error_Message_For_Terminated_User(logintestcases.java:504)
... Removed 24 stack frames]]>
    </failure>
  </testcase> <!-- TC006_01_Verify_Error_Message_For_Terminated_User -->
  <testcase name="TC005_01_Verify_User_Account_Locking_For_Max_Invalid_Attempt" time="11.297" classname="app.psc.testcases.login.logintestcases"/>
  <testcase name="TC007_01_display_correct_date_and_time_of_my_last_login" time="40.635" classname="app.psc.testcases.login.logintestcases"/>
  <testcase name="TC001_01_SIT_PSC_Sitenavigation_Menutabs" time="28.774" classname="app.psc.testcases.login.logintestcases"/>
  <testcase name="TC001_02_SIT_PSC_Sitenavigation_SubMenutabs" time="22.566" classname="app.psc.testcases.login.logintestcases">
    <failure type="java.lang.NullPointerException">
      <![CDATA[java.lang.NullPointerException
	at app.psc.testcases.login.logintestcases.TC001_02_SIT_PSC_Sitenavigation_SubMenutabs(logintestcases.java:560)
... Removed 24 stack frames]]>
    </failure>
  </testcase> <!-- TC001_02_SIT_PSC_Sitenavigation_SubMenutabs -->
  <testcase name="TC001_02_SIT_PSC_Sitenavigation_SubMenutabs" time="7.648" classname="app.psc.testcases.login.logintestcases">
    <failure/>
  </testcase> <!-- TC001_02_SIT_PSC_Sitenavigation_SubMenutabs -->
  <testcase name="TC004_Verify_PLUser_Login_With_No_Plna_Access" time="14.904" classname="app.psc.testcases.login.logintestcases">
    <failure/>
  </testcase> <!-- TC004_Verify_PLUser_Login_With_No_Plna_Access -->
  <testcase name="TC001_09_Verify_Jump_Page_Not_Displayed_When_AcessToPlanInSingleSite" time="105.11" classname="app.psc.testcases.login.logintestcases"/>
  <testcase name="TC002_Verify_Jump_Page_Displayed_When_AcessToPlansInAllSites" time="44.872" classname="app.psc.testcases.login.logintestcases"/>
  <testcase name="TC003_UI_Validations_On_JumpPage" time="5.928" classname="app.psc.testcases.login.logintestcases">
    <failure type="java.lang.NullPointerException">
      <![CDATA[java.lang.NullPointerException
	at app.psc.testcases.login.logintestcases.TC003_UI_Validations_On_JumpPage(logintestcases.java:864)
... Removed 24 stack frames]]>
    </failure>
  </testcase> <!-- TC003_UI_Validations_On_JumpPage -->
  <testcase name="TC05_01_SIT_PSC_HomePage_01_TC001_frame_on_Dashboard_Filesharing_and_Reports_pages" time="33.181" classname="app.psc.testcases.login.logintestcases"/>
  <testcase name="TC011_01_SIT_PSC_Login_01_TC020_Unsuccessful_login_attempts" time="21.499" classname="app.psc.testcases.login.logintestcases"/>
  <testcase name="TC01_SIT_PSC_HomePage_Transaction_Security" time="111.941" classname="app.psc.testcases.login.logintestcases">
    <failure/>
  </testcase> <!-- TC01_SIT_PSC_HomePage_Transaction_Security -->
</testsuite> <!-- Regression_Yellow_Period_Execution_1 -->
