<?xml version="1.0" encoding="UTF-8"?>
<!-- Generated by org.testng.reporters.JUnitXMLReporter -->
<testsuite hostname="XWJPMDD177" name="Regression_Orange_Period_Execution_1" tests="7" failures="7" timestamp="13 Dec 2017 10:13:41 GMT" time="347.505" errors="0">
  <testcase name="TC_44_Enroll_And_Eligibility_Fields_Type_Validations" time="25.846" classname="app.psc.testcases.employeesearch.employeesearchtestcases">
    <failure type="java.lang.NullPointerException">
      <![CDATA[java.lang.NullPointerException
	at lib.Reporter.logEvent(Reporter.java:253)
	at app.psc.testcases.employeesearch.employeesearchtestcases.TC_44_Enroll_And_Eligibility_Fields_Type_Validations(employeesearchtestcases.java:2275)
	at java.util.concurrent.ThreadPoolExecutor.runWorker(ThreadPoolExecutor.java:1142)
	at java.util.concurrent.ThreadPoolExecutor$Worker.run(ThreadPoolExecutor.java:617)
	at java.lang.Thread.run(Thread.java:745)
... Removed 10 stack frames]]>
    </failure>
  </testcase> <!-- TC_44_Enroll_And_Eligibility_Fields_Type_Validations -->
  <testcase name="TC_45_SIT_PSC_Add_Employee_Autosite_Plan_Display_Angular_Page" time="151.74" classname="app.psc.testcases.employeesearch.employeesearchtestcases">
    <failure/>
  </testcase> <!-- TC_45_SIT_PSC_Add_Employee_Autosite_Plan_Display_Angular_Page -->
  <testcase name="TC_46_SIT_PSC_Add_Employee_Autosite_Plan_Display_Angular_Page" time="110.872" classname="app.psc.testcases.employeesearch.employeesearchtestcases">
    <failure type="java.lang.NullPointerException">
      <![CDATA[java.lang.NullPointerException
	at lib.Reporter.logEvent(Reporter.java:253)
	at app.psc.testcases.employeesearch.employeesearchtestcases.TC_46_SIT_PSC_Add_Employee_Autosite_Plan_Display_Angular_Page(employeesearchtestcases.java:2401)
	at java.util.concurrent.ThreadPoolExecutor.runWorker(ThreadPoolExecutor.java:1142)
	at java.util.concurrent.ThreadPoolExecutor$Worker.run(ThreadPoolExecutor.java:617)
	at java.lang.Thread.run(Thread.java:745)
... Removed 10 stack frames]]>
    </failure>
  </testcase> <!-- TC_46_SIT_PSC_Add_Employee_Autosite_Plan_Display_Angular_Page -->
  <testcase name="TC024_Verify_Employee_Overview_Screen_Elements" time="7.98" classname="app.psc.testcases.employeesearch.employeesearchtestcases">
    <failure/>
  </testcase> <!-- TC024_Verify_Employee_Overview_Screen_Elements -->
  <testcase name="TC_56_Info_Message_New_User" time="0.122" classname="app.psc.testcases.employeesearch.employeesearchtestcases">
    <failure type="java.lang.NullPointerException">
      <![CDATA[java.lang.NullPointerException
	at lib.Reporter.logEvent(Reporter.java:253)
	at app.psc.testcases.employeesearch.employeesearchtestcases.TC_56_Info_Message_New_User(employeesearchtestcases.java:2573)
	at java.util.concurrent.ThreadPoolExecutor.runWorker(ThreadPoolExecutor.java:1142)
	at java.util.concurrent.ThreadPoolExecutor$Worker.run(ThreadPoolExecutor.java:617)
	at java.lang.Thread.run(Thread.java:745)
... Removed 10 stack frames]]>
    </failure>
  </testcase> <!-- TC_56_Info_Message_New_User -->
  <testcase name="TC_54_Employee_Overview_With_Active_Models" time="23.328" classname="app.psc.testcases.employeesearch.employeesearchtestcases">
    <failure type="java.lang.NullPointerException">
      <![CDATA[java.lang.NullPointerException
	at lib.Reporter.logEvent(Reporter.java:253)
	at app.psc.testcases.employeesearch.employeesearchtestcases.TC_54_Employee_Overview_With_Active_Models(employeesearchtestcases.java:2627)
	at java.util.concurrent.ThreadPoolExecutor.runWorker(ThreadPoolExecutor.java:1142)
	at java.util.concurrent.ThreadPoolExecutor$Worker.run(ThreadPoolExecutor.java:617)
	at java.lang.Thread.run(Thread.java:745)
... Removed 10 stack frames]]>
    </failure>
  </testcase> <!-- TC_54_Employee_Overview_With_Active_Models -->
  <testcase name="TC_53_Participant_Investments_Tab" time="0.117" classname="app.psc.testcases.employeesearch.employeesearchtestcases">
    <failure type="java.lang.NullPointerException">
      <![CDATA[java.lang.NullPointerException
	at lib.Reporter.logEvent(Reporter.java:253)
	at app.psc.testcases.employeesearch.employeesearchtestcases.TC_53_Participant_Investments_Tab(employeesearchtestcases.java:2716)
	at java.util.concurrent.ThreadPoolExecutor.runWorker(ThreadPoolExecutor.java:1142)
	at java.util.concurrent.ThreadPoolExecutor$Worker.run(ThreadPoolExecutor.java:617)
	at java.lang.Thread.run(Thread.java:745)
... Removed 10 stack frames]]>
    </failure>
  </testcase> <!-- TC_53_Participant_Investments_Tab -->
</testsuite> <!-- Regression_Orange_Period_Execution_1 -->
