<?xml version="1.0" encoding="UTF-8"?>
<!-- Generated by org.testng.reporters.JUnitXMLReporter -->
<testsuite hostname="XWJPMDD035" name="Yellow period execution-3" tests="0" failures="0" timestamp="17 Jan 2018 12:30:21 GMT" time="3.593" errors="0">
  <testcase name="@BeforeClass ReportInit" time="0.0" classname="app.psc.testcases.userverification.userverificationtestcases">
    <failure type="java.lang.NullPointerException">
      <![CDATA[java.lang.NullPointerException
	at lib.Reporter.initializeModule(Reporter.java:132)
	at app.psc.testcases.userverification.userverificationtestcases.ReportInit(userverificationtestcases.java:42)
	at java.util.concurrent.ThreadPoolExecutor.runWorker(ThreadPoolExecutor.java:1142)
	at java.util.concurrent.ThreadPoolExecutor$Worker.run(ThreadPoolExecutor.java:617)
	at java.lang.Thread.run(Thread.java:745)
... Removed 10 stack frames]]>
    </failure>
  </testcase> <!-- @BeforeClass ReportInit -->
  <testcase name="@BeforeClass ReportInit" time="0.0" classname="app.psc.testcases.accountverification.accountverificationtestcases">
    <failure type="java.lang.NullPointerException">
      <![CDATA[java.lang.NullPointerException
	at lib.Reporter.initializeModule(Reporter.java:132)
	at app.psc.testcases.accountverification.accountverificationtestcases.ReportInit(accountverificationtestcases.java:41)
	at java.util.concurrent.ThreadPoolExecutor.runWorker(ThreadPoolExecutor.java:1142)
	at java.util.concurrent.ThreadPoolExecutor$Worker.run(ThreadPoolExecutor.java:617)
	at java.lang.Thread.run(Thread.java:745)
... Removed 10 stack frames]]>
    </failure>
  </testcase> <!-- @BeforeClass ReportInit -->
  <testcase name="@BeforeClass InitTest" time="0.0" classname="app.psc.testcases.accountverification.accountverification_existingusr">
    <failure type="java.lang.NullPointerException">
      <![CDATA[java.lang.NullPointerException
	at lib.Reporter.initializeModule(Reporter.java:132)
	at app.psc.testcases.accountverification.accountverification_existingusr.InitTest(accountverification_existingusr.java:38)
	at java.util.concurrent.ThreadPoolExecutor.runWorker(ThreadPoolExecutor.java:1142)
	at java.util.concurrent.ThreadPoolExecutor$Worker.run(ThreadPoolExecutor.java:617)
	at java.lang.Thread.run(Thread.java:745)
... Removed 10 stack frames]]>
    </failure>
  </testcase> <!-- @BeforeClass InitTest -->
  <testcase name="@BeforeClass ReportInit" time="0.0" classname="app.psc.testcases.accountverification.accountverificationtest_plan">
    <failure type="java.lang.NullPointerException">
      <![CDATA[java.lang.NullPointerException
	at lib.Reporter.initializeModule(Reporter.java:132)
	at app.psc.testcases.accountverification.accountverificationtest_plan.ReportInit(accountverificationtest_plan.java:34)
	at java.util.concurrent.ThreadPoolExecutor.runWorker(ThreadPoolExecutor.java:1142)
	at java.util.concurrent.ThreadPoolExecutor$Worker.run(ThreadPoolExecutor.java:617)
	at java.lang.Thread.run(Thread.java:745)
... Removed 10 stack frames]]>
    </failure>
  </testcase> <!-- @BeforeClass ReportInit -->
  <testcase name="@BeforeClass InitTest" time="0.0" classname="app.psc.testcases.login.logintestcases">
    <failure type="java.lang.NullPointerException">
      <![CDATA[java.lang.NullPointerException
	at lib.Reporter.initializeModule(Reporter.java:132)
	at app.psc.testcases.login.logintestcases.InitTest(logintestcases.java:42)
	at java.util.concurrent.ThreadPoolExecutor.runWorker(ThreadPoolExecutor.java:1142)
	at java.util.concurrent.ThreadPoolExecutor$Worker.run(ThreadPoolExecutor.java:617)
	at java.lang.Thread.run(Thread.java:745)
... Removed 10 stack frames]]>
    </failure>
  </testcase> <!-- @BeforeClass InitTest -->
  <testcase name="@AfterClass DriverQuite" time="0.0" classname="app.psc.testcases.accountverification.accountverificationtestcases">
    <skipped/>
  </testcase> <!-- @AfterClass DriverQuite -->
  <testcase name="@BeforeClass ReportInit" time="0.0" classname="app.psc.testcases.employeesearch.employeesearchtestcases">
    <failure type="java.lang.NullPointerException">
      <![CDATA[java.lang.NullPointerException
	at lib.Reporter.initializeModule(Reporter.java:132)
	at app.psc.testcases.employeesearch.employeesearchtestcases.ReportInit(employeesearchtestcases.java:46)
	at java.util.concurrent.ThreadPoolExecutor.runWorker(ThreadPoolExecutor.java:1142)
	at java.util.concurrent.ThreadPoolExecutor$Worker.run(ThreadPoolExecutor.java:617)
	at java.lang.Thread.run(Thread.java:745)
... Removed 10 stack frames]]>
    </failure>
  </testcase> <!-- @BeforeClass ReportInit -->
  <testcase name="@BeforeClass ReportInit" time="0.0" classname="app.psc.testcases.plan.plansearchtestcases">
    <failure type="java.lang.NullPointerException">
      <![CDATA[java.lang.NullPointerException
	at lib.Reporter.initializeModule(Reporter.java:132)
	at app.psc.testcases.plan.plansearchtestcases.ReportInit(plansearchtestcases.java:34)
	at java.util.concurrent.ThreadPoolExecutor.runWorker(ThreadPoolExecutor.java:1142)
	at java.util.concurrent.ThreadPoolExecutor$Worker.run(ThreadPoolExecutor.java:617)
	at java.lang.Thread.run(Thread.java:745)
... Removed 10 stack frames]]>
    </failure>
  </testcase> <!-- @BeforeClass ReportInit -->
  <testcase name="@BeforeClass ReportInit" time="0.0" classname="app.psc.testcases.plan.plantestcases">
    <failure type="java.lang.NullPointerException">
      <![CDATA[java.lang.NullPointerException
	at lib.Reporter.initializeModule(Reporter.java:132)
	at app.psc.testcases.plan.plantestcases.ReportInit(plantestcases.java:42)
	at java.util.concurrent.ThreadPoolExecutor.runWorker(ThreadPoolExecutor.java:1142)
	at java.util.concurrent.ThreadPoolExecutor$Worker.run(ThreadPoolExecutor.java:617)
	at java.lang.Thread.run(Thread.java:745)
... Removed 10 stack frames]]>
    </failure>
  </testcase> <!-- @BeforeClass ReportInit -->
  <testcase name="@BeforeClass InitTest" time="0.0" classname="app.psc.testcases.employeesearch.employeesearchtestcases_db">
    <failure type="java.lang.NullPointerException">
      <![CDATA[java.lang.NullPointerException
	at lib.Reporter.initializeModule(Reporter.java:132)
	at app.psc.testcases.employeesearch.employeesearchtestcases_db.InitTest(employeesearchtestcases_db.java:46)
	at java.util.concurrent.ThreadPoolExecutor.runWorker(ThreadPoolExecutor.java:1142)
	at java.util.concurrent.ThreadPoolExecutor$Worker.run(ThreadPoolExecutor.java:617)
	at java.lang.Thread.run(Thread.java:745)
... Removed 10 stack frames]]>
    </failure>
  </testcase> <!-- @BeforeClass InitTest -->
  <testcase name="@AfterClass cleanUpSession" time="0.0" classname="app.psc.testcases.employeesearch.employeesearchtestcases_db">
    <skipped/>
  </testcase> <!-- @AfterClass cleanUpSession -->
  <testcase name="@BeforeClass InitTest" time="0.0" classname="app.psc.testcases.myprofile.MyProfileTestCases">
    <failure type="java.lang.NullPointerException">
      <![CDATA[java.lang.NullPointerException
	at lib.Reporter.initializeModule(Reporter.java:132)
	at app.psc.testcases.myprofile.MyProfileTestCases.InitTest(MyProfileTestCases.java:42)
	at java.util.concurrent.ThreadPoolExecutor.runWorker(ThreadPoolExecutor.java:1142)
	at java.util.concurrent.ThreadPoolExecutor$Worker.run(ThreadPoolExecutor.java:617)
	at java.lang.Thread.run(Thread.java:745)
... Removed 10 stack frames]]>
    </failure>
  </testcase> <!-- @BeforeClass InitTest -->
  <testcase name="@BeforeClass InitTest" time="0.0" classname="app.psc.testcases.reports.ReportsTestCases">
    <failure type="java.lang.NullPointerException">
      <![CDATA[java.lang.NullPointerException
	at lib.Reporter.initializeModule(Reporter.java:132)
	at app.psc.testcases.reports.ReportsTestCases.InitTest(ReportsTestCases.java:34)
	at java.util.concurrent.ThreadPoolExecutor.runWorker(ThreadPoolExecutor.java:1142)
	at java.util.concurrent.ThreadPoolExecutor$Worker.run(ThreadPoolExecutor.java:617)
	at java.lang.Thread.run(Thread.java:745)
... Removed 10 stack frames]]>
    </failure>
  </testcase> <!-- @BeforeClass InitTest -->
</testsuite> <!-- Yellow period execution-3 -->
