<?xml version="1.0" encoding="UTF-8"?>
<testng-results skipped="0" failed="0" total="1" passed="1">
  <reporter-output>
  </reporter-output>
  <suite name="testsuite" duration-ms="60477" started-at="2016-01-20T17:47:51Z" finished-at="2016-01-20T17:48:52Z">
    <groups>
    </groups>
    <test name="CSAS_PPT_Info_Ppt_Home_Page_Employment_Status_ACTIVE" duration-ms="60477" started-at="2016-01-20T17:47:51Z" finished-at="2016-01-20T17:48:52Z">
      <class name="app.csas.testcases.participanthomepage.validate_participanthomepage">
        <test-method status="PASS" signature="InitTest()[pri:0, instance:app.csas.testcases.participanthomepage.validate_participanthomepage@4ec6a292]" name="InitTest" is-config="true" duration-ms="19762" started-at="2016-01-20T17:47:51Z" finished-at="2016-01-20T17:48:11Z">
        </test-method> <!-- InitTest -->
        <test-method status="PASS" signature="Validate_Employment_Status_As_Active_Or_Terminated(int, java.util.Map)[pri:0, instance:app.csas.testcases.participanthomepage.validate_participanthomepage@4ec6a292]" name="Validate_Employment_Status_As_Active_Or_Terminated" duration-ms="39898" started-at="2016-01-20T17:48:11Z" data-provider="setData" finished-at="2016-01-20T17:48:51Z">
          <params>
            <param index="0">
              <value>
                <![CDATA[1]]>
              </value>
            </param>
            <param index="1">
              <value>
                <![CDATA[{PASSWORD=baseball, PPT_ID=2581930, USERNAME=cswa}]]>
              </value>
            </param>
          </params>
        </test-method> <!-- Validate_Employment_Status_As_Active_Or_Terminated -->
        <test-method status="PASS" signature="cleanUpSession()[pri:0, instance:app.csas.testcases.participanthomepage.validate_participanthomepage@4ec6a292]" name="cleanUpSession" is-config="true" duration-ms="583" started-at="2016-01-20T17:48:51Z" finished-at="2016-01-20T17:48:52Z">
        </test-method> <!-- cleanUpSession -->
      </class> <!-- app.csas.testcases.participanthomepage.validate_participanthomepage -->
    </test> <!-- CSAS_PPT_Info_Ppt_Home_Page_Employment_Status_ACTIVE -->
  </suite> <!-- testsuite -->
</testng-results>
