# JRE version: Java(TM) SE Runtime Environment (8.0_111-b14) (build 1.8.0_111-b14)
# Java VM: Java HotSpot(TM) 64-Bit Server VM (25.111-b14 mixed mode windows-amd64 compressed oops)
Heap:
 PSYoungGen      total 302080K, used 31216K [0x00000000d5580000, 0x00000000e8400000, 0x0000000100000000)
  eden space 296448K, 10% used [0x00000000d5580000,0x00000000d73fc060,0x00000000e7700000)
  from space 5632K, 0% used [0x00000000e7e80000,0x00000000e7e80000,0x00000000e8400000)
  to   space 6656K, 0% used [0x00000000e7700000,0x00000000e7700000,0x00000000e7d80000)
 ParOldGen       total 408576K, used 210139K [0x0000000080000000, 0x0000000098f00000, 0x00000000d5580000)
  object space 408576K, 51% used [0x0000000080000000,0x000000008cd36e50,0x0000000098f00000)
 Metaspace       used 21003K, capacity 21448K, committed 21760K, reserved 1069056K
  class space    used 2620K, capacity 2739K, committed 2816K, reserved 1048576K
GC Heap History (10 events):
Event: 96.971 GC heap before
{Heap before GC invocations=56 (full 19):
 PSYoungGen      total 302080K, used 280171K [0x00000000d5580000, 0x00000000e8400000, 0x0000000100000000)
  eden space 296448K, 94% used [0x00000000d5580000,0x00000000e671aea8,0x00000000e7700000)
  from space 5632K, 0% used [0x00000000e7e80000,0x00000000e7e80000,0x00000000e8400000)
  to   space 6656K, 0% used [0x00000000e7700000,0x00000000e7700000,0x00000000e7d80000)
 ParOldGen       total 408576K, used 133019K [0x0000000080000000, 0x0000000098f00000, 0x00000000d5580000)
  object space 408576K, 32% used [0x0000000080000000,0x00000000881e6fc8,0x0000000098f00000)
 Metaspace       used 21003K, capacity 21448K, committed 21760K, reserved 1069056K
  class space    used 2620K, capacity 2739K, committed 2816K, reserved 1048576K
Event: 96.991 GC heap after
Heap after GC invocations=56 (full 19):
 PSYoungGen      total 303104K, used 96K [0x00000000d5580000, 0x00000000e8400000, 0x0000000100000000)
  eden space 296448K, 0% used [0x00000000d5580000,0x00000000d5580000,0x00000000e7700000)
  from space 6656K, 1% used [0x00000000e7700000,0x00000000e7718000,0x00000000e7d80000)
  to   space 5632K, 0% used [0x00000000e7e80000,0x00000000e7e80000,0x00000000e8400000)
 ParOldGen       total 408576K, used 298430K [0x0000000080000000, 0x0000000098f00000, 0x00000000d5580000)
  object space 408576K, 73% used [0x0000000080000000,0x000000009236fa98,0x0000000098f00000)
 Metaspace       used 21003K, capacity 21448K, committed 21760K, reserved 1069056K
  class space    used 2620K, capacity 2739K, committed 2816K, reserved 1048576K
}
Event: 96.991 GC heap before
{Heap before GC invocations=57 (full 20):
 PSYoungGen      total 303104K, used 96K [0x00000000d5580000, 0x00000000e8400000, 0x0000000100000000)
  eden space 296448K, 0% used [0x00000000d5580000,0x00000000d5580000,0x00000000e7700000)
  from space 6656K, 1% used [0x00000000e7700000,0x00000000e7718000,0x00000000e7d80000)
  to   space 5632K, 0% used [0x00000000e7e80000,0x00000000e7e80000,0x00000000e8400000)
 ParOldGen       total 408576K, used 298430K [0x0000000080000000, 0x0000000098f00000, 0x00000000d5580000)
  object space 408576K, 73% used [0x0000000080000000,0x000000009236fa98,0x0000000098f00000)
 Metaspace       used 21003K, capacity 21448K, committed 21760K, reserved 1069056K
  class space    used 2620K, capacity 2739K, committed 2816K, reserved 1048576K
Event: 97.021 GC heap after
Heap after GC invocations=57 (full 20):
 PSYoungGen      total 303104K, used 0K [0x00000000d5580000, 0x00000000e8400000, 0x0000000100000000)
  eden space 296448K, 0% used [0x00000000d5580000,0x00000000d5580000,0x00000000e7700000)
  from space 6656K, 0% used [0x00000000e7700000,0x00000000e7700000,0x00000000e7d80000)
  to   space 5632K, 0% used [0x00000000e7e80000,0x00000000e7e80000,0x00000000e8400000)
 ParOldGen       total 408576K, used 133011K [0x0000000080000000, 0x0000000098f00000, 0x00000000d5580000)
  object space 408576K, 32% used [0x0000000080000000,0x00000000881e4e90,0x0000000098f00000)
 Metaspace       used 21003K, capacity 21448K, committed 21760K, reserved 1069056K
  class space    used 2620K, capacity 2739K, committed 2816K, reserved 1048576K
}
Event: 98.023 GC heap before
{Heap before GC invocations=58 (full 20):
 PSYoungGen      total 303104K, used 262623K [0x00000000d5580000, 0x00000000e8400000, 0x0000000100000000)
  eden space 296448K, 88% used [0x00000000d5580000,0x00000000e55f7e88,0x00000000e7700000)
  from space 6656K, 0% used [0x00000000e7700000,0x00000000e7700000,0x00000000e7d80000)
  to   space 5632K, 0% used [0x00000000e7e80000,0x00000000e7e80000,0x00000000e8400000)
 ParOldGen       total 408576K, used 133011K [0x0000000080000000, 0x0000000098f00000, 0x00000000d5580000)
  object space 408576K, 32% used [0x0000000080000000,0x00000000881e4e90,0x0000000098f00000)
 Metaspace       used 21003K, capacity 21448K, committed 21760K, reserved 1069056K
  class space    used 2620K, capacity 2739K, committed 2816K, reserved 1048576K
Event: 98.061 GC heap after
Heap after GC invocations=58 (full 20):
 PSYoungGen      total 302080K, used 64K [0x00000000d5580000, 0x00000000e8400000, 0x0000000100000000)
  eden space 296448K, 0% used [0x00000000d5580000,0x00000000d5580000,0x00000000e7700000)
  from space 5632K, 1% used [0x00000000e7e80000,0x00000000e7e90000,0x00000000e8400000)
  to   space 6656K, 0% used [0x00000000e7700000,0x00000000e7700000,0x00000000e7d80000)
 ParOldGen       total 408576K, used 287267K [0x0000000080000000, 0x0000000098f00000, 0x00000000d5580000)
  object space 408576K, 70% used [0x0000000080000000,0x0000000091888eb8,0x0000000098f00000)
 Metaspace       used 21003K, capacity 21448K, committed 21760K, reserved 1069056K
  class space    used 2620K, capacity 2739K, committed 2816K, reserved 1048576K
}
Event: 98.061 GC heap before
{Heap before GC invocations=59 (full 21):
 PSYoungGen      total 302080K, used 64K [0x00000000d5580000, 0x00000000e8400000, 0x0000000100000000)
  eden space 296448K, 0% used [0x00000000d5580000,0x00000000d5580000,0x00000000e7700000)
  from space 5632K, 1% used [0x00000000e7e80000,0x00000000e7e90000,0x00000000e8400000)
  to   space 6656K, 0% used [0x00000000e7700000,0x00000000e7700000,0x00000000e7d80000)
 ParOldGen       total 408576K, used 287267K [0x0000000080000000, 0x0000000098f00000, 0x00000000d5580000)
  object space 408576K, 70% used [0x0000000080000000,0x0000000091888eb8,0x0000000098f00000)
 Metaspace       used 21003K, capacity 21448K, committed 21760K, reserved 1069056K
  class space    used 2620K, capacity 2739K, committed 2816K, reserved 1048576K
Event: 98.094 GC heap after
Heap after GC invocations=59 (full 21):
 PSYoungGen      total 302080K, used 0K [0x00000000d5580000, 0x00000000e8400000, 0x0000000100000000)
  eden space 296448K, 0% used [0x00000000d5580000,0x00000000d5580000,0x00000000e7700000)
  from space 5632K, 0% used [0x00000000e7e80000,0x00000000e7e80000,0x00000000e8400000)
  to   space 6656K, 0% used [0x00000000e7700000,0x00000000e7700000,0x00000000e7d80000)
 ParOldGen       total 408576K, used 158720K [0x0000000080000000, 0x0000000098f00000, 0x00000000d5580000)
  object space 408576K, 38% used [0x0000000080000000,0x0000000089b00340,0x0000000098f00000)
 Metaspace       used 21003K, capacity 21448K, committed 21760K, reserved 1069056K
  class space    used 2620K, capacity 2739K, committed 2816K, reserved 1048576K
}
Event: 99.179 GC heap before
{Heap before GC invocations=60 (full 22):
 PSYoungGen      total 302080K, used 288428K [0x00000000d5580000, 0x00000000e8400000, 0x0000000100000000)
  eden space 296448K, 97% used [0x00000000d5580000,0x00000000e6f2b3d0,0x00000000e7700000)
  from space 5632K, 0% used [0x00000000e7e80000,0x00000000e7e80000,0x00000000e8400000)
  to   space 6656K, 0% used [0x00000000e7700000,0x00000000e7700000,0x00000000e7d80000)
 ParOldGen       total 408576K, used 158720K [0x0000000080000000, 0x0000000098f00000, 0x00000000d5580000)
  object space 408576K, 38% used [0x0000000080000000,0x0000000089b00340,0x0000000098f00000)
 Metaspace       used 21003K, capacity 21448K, committed 21760K, reserved 1069056K
  class space    used 2620K, capacity 2739K, committed 2816K, reserved 1048576K
Event: 99.219 GC heap after
Heap after GC invocations=60 (full 22):
 PSYoungGen      total 302080K, used 0K [0x00000000d5580000, 0x00000000e8400000, 0x0000000100000000)
  eden space 296448K, 0% used [0x00000000d5580000,0x00000000d5580000,0x00000000e7700000)
  from space 5632K, 0% used [0x00000000e7e80000,0x00000000e7e80000,0x00000000e8400000)
  to   space 6656K, 0% used [0x00000000e7700000,0x00000000e7700000,0x00000000e7d80000)
 ParOldGen       total 408576K, used 210139K [0x0000000080000000, 0x0000000098f00000, 0x00000000d5580000)
  object space 408576K, 51% used [0x0000000080000000,0x000000008cd36e50,0x0000000098f00000)
 Metaspace       used 21003K, capacity 21448K, committed 21760K, reserved 1069056K
  class space    used 2620K, capacity 2739K, committed 2816K, reserved 1048576K
}

