# JRE version: Java(TM) SE Runtime Environment (8.0_111-b14) (build 1.8.0_111-b14)
# Java VM: Java HotSpot(TM) 64-Bit Server VM (25.111-b14 mixed mode windows-amd64 compressed oops)
Heap:
 PSYoungGen      total 52736K, used 14844K [0x00000000d5580000, 0x00000000da380000, 0x0000000100000000)
  eden space 52224K, 27% used [0x00000000d5580000,0x00000000d63bf3e0,0x00000000d8880000)
  from space 512K, 50% used [0x00000000d8c80000,0x00000000d8cc0000,0x00000000d8d00000)
  to   space 12800K, 0% used [0x00000000d9700000,0x00000000d9700000,0x00000000da380000)
 ParOldGen       total 380416K, used 206508K [0x0000000080000000, 0x0000000097380000, 0x00000000d5580000)
  object space 380416K, 54% used [0x0000000080000000,0x000000008c9ab320,0x0000000097380000)
 Metaspace       used 20971K, capacity 21348K, committed 21760K, reserved 1069056K
  class space    used 2619K, capacity 2735K, committed 2816K, reserved 1048576K
GC Heap History (10 events):
Event: 41.033 GC heap before
{Heap before GC invocations=36 (full 12):
 PSYoungGen      total 52736K, used 51299K [0x00000000d5580000, 0x00000000da380000, 0x0000000100000000)
  eden space 52224K, 98% used [0x00000000d5580000,0x00000000d8798d58,0x00000000d8880000)
  from space 512K, 0% used [0x00000000d8c80000,0x00000000d8c80000,0x00000000d8d00000)
  to   space 12800K, 0% used [0x00000000d9700000,0x00000000d9700000,0x00000000da380000)
 ParOldGen       total 380416K, used 181292K [0x0000000080000000, 0x0000000097380000, 0x00000000d5580000)
  object space 380416K, 47% used [0x0000000080000000,0x000000008b10b198,0x0000000097380000)
 Metaspace       used 19798K, capacity 20134K, committed 20352K, reserved 1067008K
  class space    used 2479K, capacity 2594K, committed 2688K, reserved 1048576K
Event: 41.039 GC heap after
Heap after GC invocations=36 (full 12):
 PSYoungGen      total 65024K, used 32K [0x00000000d5580000, 0x00000000da380000, 0x0000000100000000)
  eden space 52224K, 0% used [0x00000000d5580000,0x00000000d5580000,0x00000000d8880000)
  from space 12800K, 0% used [0x00000000d9700000,0x00000000d9708000,0x00000000da380000)
  to   space 512K, 0% used [0x00000000d8c80000,0x00000000d8c80000,0x00000000d8d00000)
 ParOldGen       total 380416K, used 206500K [0x0000000080000000, 0x0000000097380000, 0x00000000d5580000)
  object space 380416K, 54% used [0x0000000080000000,0x000000008c9a9308,0x0000000097380000)
 Metaspace       used 19798K, capacity 20134K, committed 20352K, reserved 1067008K
  class space    used 2479K, capacity 2594K, committed 2688K, reserved 1048576K
}
Event: 41.054 GC heap before
{Heap before GC invocations=37 (full 12):
 PSYoungGen      total 65024K, used 51381K [0x00000000d5580000, 0x00000000da380000, 0x0000000100000000)
  eden space 52224K, 98% used [0x00000000d5580000,0x00000000d87a5618,0x00000000d8880000)
  from space 12800K, 0% used [0x00000000d9700000,0x00000000d9708000,0x00000000da380000)
  to   space 512K, 0% used [0x00000000d8c80000,0x00000000d8c80000,0x00000000d8d00000)
 ParOldGen       total 380416K, used 206500K [0x0000000080000000, 0x0000000097380000, 0x00000000d5580000)
  object space 380416K, 54% used [0x0000000080000000,0x000000008c9a9308,0x0000000097380000)
 Metaspace       used 19798K, capacity 20134K, committed 20352K, reserved 1067008K
  class space    used 2479K, capacity 2594K, committed 2688K, reserved 1048576K
Event: 41.060 GC heap after
Heap after GC invocations=37 (full 12):
 PSYoungGen      total 52736K, used 32K [0x00000000d5580000, 0x00000000da380000, 0x0000000100000000)
  eden space 52224K, 0% used [0x00000000d5580000,0x00000000d5580000,0x00000000d8880000)
  from space 512K, 6% used [0x00000000d8c80000,0x00000000d8c88000,0x00000000d8d00000)
  to   space 12800K, 0% used [0x00000000d9700000,0x00000000d9700000,0x00000000da380000)
 ParOldGen       total 380416K, used 256941K [0x0000000080000000, 0x0000000097380000, 0x00000000d5580000)
  object space 380416K, 67% used [0x0000000080000000,0x000000008faeb568,0x0000000097380000)
 Metaspace       used 19798K, capacity 20134K, committed 20352K, reserved 1067008K
  class space    used 2479K, capacity 2594K, committed 2688K, reserved 1048576K
}
Event: 41.084 GC heap before
{Heap before GC invocations=38 (full 12):
 PSYoungGen      total 52736K, used 51235K [0x00000000d5580000, 0x00000000da380000, 0x0000000100000000)
  eden space 52224K, 98% used [0x00000000d5580000,0x00000000d8780c58,0x00000000d8880000)
  from space 512K, 6% used [0x00000000d8c80000,0x00000000d8c88000,0x00000000d8d00000)
  to   space 12800K, 0% used [0x00000000d9700000,0x00000000d9700000,0x00000000da380000)
 ParOldGen       total 380416K, used 307358K [0x0000000080000000, 0x0000000097380000, 0x00000000d5580000)
  object space 380416K, 80% used [0x0000000080000000,0x0000000092c27840,0x0000000097380000)
 Metaspace       used 19798K, capacity 20134K, committed 20352K, reserved 1067008K
  class space    used 2479K, capacity 2594K, committed 2688K, reserved 1048576K
Event: 41.090 GC heap after
Heap after GC invocations=38 (full 12):
 PSYoungGen      total 65024K, used 64K [0x00000000d5580000, 0x00000000da380000, 0x0000000100000000)
  eden space 52224K, 0% used [0x00000000d5580000,0x00000000d5580000,0x00000000d8880000)
  from space 12800K, 0% used [0x00000000d9700000,0x00000000d9710000,0x00000000da380000)
  to   space 512K, 0% used [0x00000000d8c80000,0x00000000d8c80000,0x00000000d8d00000)
 ParOldGen       total 380416K, used 332574K [0x0000000080000000, 0x0000000097380000, 0x00000000d5580000)
  object space 380416K, 87% used [0x0000000080000000,0x00000000944c7968,0x0000000097380000)
 Metaspace       used 19798K, capacity 20134K, committed 20352K, reserved 1067008K
  class space    used 2479K, capacity 2594K, committed 2688K, reserved 1048576K
}
Event: 41.090 GC heap before
{Heap before GC invocations=39 (full 13):
 PSYoungGen      total 65024K, used 64K [0x00000000d5580000, 0x00000000da380000, 0x0000000100000000)
  eden space 52224K, 0% used [0x00000000d5580000,0x00000000d5580000,0x00000000d8880000)
  from space 12800K, 0% used [0x00000000d9700000,0x00000000d9710000,0x00000000da380000)
  to   space 512K, 0% used [0x00000000d8c80000,0x00000000d8c80000,0x00000000d8d00000)
 ParOldGen       total 380416K, used 332574K [0x0000000080000000, 0x0000000097380000, 0x00000000d5580000)
  object space 380416K, 87% used [0x0000000080000000,0x00000000944c7968,0x0000000097380000)
 Metaspace       used 19798K, capacity 20134K, committed 20352K, reserved 1067008K
  class space    used 2479K, capacity 2594K, committed 2688K, reserved 1048576K
Event: 41.119 GC heap after
Heap after GC invocations=39 (full 13):
 PSYoungGen      total 65024K, used 0K [0x00000000d5580000, 0x00000000da380000, 0x0000000100000000)
  eden space 52224K, 0% used [0x00000000d5580000,0x00000000d5580000,0x00000000d8880000)
  from space 12800K, 0% used [0x00000000d9700000,0x00000000d9700000,0x00000000da380000)
  to   space 512K, 0% used [0x00000000d8c80000,0x00000000d8c80000,0x00000000d8d00000)
 ParOldGen       total 380416K, used 181292K [0x0000000080000000, 0x0000000097380000, 0x00000000d5580000)
  object space 380416K, 47% used [0x0000000080000000,0x000000008b10b1a8,0x0000000097380000)
 Metaspace       used 19798K, capacity 20134K, committed 20352K, reserved 1067008K
  class space    used 2479K, capacity 2594K, committed 2688K, reserved 1048576K
}
Event: 42.652 GC heap before
{Heap before GC invocations=40 (full 13):
 PSYoungGen      total 65024K, used 52224K [0x00000000d5580000, 0x00000000da380000, 0x0000000100000000)
  eden space 52224K, 100% used [0x00000000d5580000,0x00000000d8880000,0x00000000d8880000)
  from space 12800K, 0% used [0x00000000d9700000,0x00000000d9700000,0x00000000da380000)
  to   space 512K, 0% used [0x00000000d8c80000,0x00000000d8c80000,0x00000000d8d00000)
 ParOldGen       total 380416K, used 181292K [0x0000000080000000, 0x0000000097380000, 0x00000000d5580000)
  object space 380416K, 47% used [0x0000000080000000,0x000000008b10b1a8,0x0000000097380000)
 Metaspace       used 19980K, capacity 20326K, committed 20608K, reserved 1067008K
  class space    used 2501K, capacity 2594K, committed 2688K, reserved 1048576K
Event: 42.659 GC heap after
Heap after GC invocations=40 (full 13):
 PSYoungGen      total 52736K, used 256K [0x00000000d5580000, 0x00000000da380000, 0x0000000100000000)
  eden space 52224K, 0% used [0x00000000d5580000,0x00000000d5580000,0x00000000d8880000)
  from space 512K, 50% used [0x00000000d8c80000,0x00000000d8cc0000,0x00000000d8d00000)
  to   space 12800K, 0% used [0x00000000d9700000,0x00000000d9700000,0x00000000da380000)
 ParOldGen       total 380416K, used 206508K [0x0000000080000000, 0x0000000097380000, 0x00000000d5580000)
  object space 380416K, 54% used [0x0000000080000000,0x000000008c9ab320,0x0000000097380000)
 Metaspace       used 19980K, capacity 20326K, committed 20608K, reserved 1067008K
  class space    used 2501K, capacity 2594K, committed 2688K, reserved 1048576K
}

