# JRE version: Java(TM) SE Runtime Environment (8.0_111-b14) (build 1.8.0_111-b14)
# Java VM: Java HotSpot(TM) 64-Bit Server VM (25.111-b14 mixed mode windows-amd64 compressed oops)
Heap:
 PSYoungGen      total 125952K, used 109864K [0x00000000d5580000, 0x00000000dde00000, 0x0000000100000000)
  eden space 113152K, 96% used [0x00000000d5580000,0x00000000dbfca100,0x00000000dc400000)
  from space 12800K, 8% used [0x00000000dd180000,0x00000000dd280000,0x00000000dde00000)
  to   space 13312K, 0% used [0x00000000dc400000,0x00000000dc400000,0x00000000dd100000)
 ParOldGen       total 780288K, used 758714K [0x0000000080000000, 0x00000000afa00000, 0x00000000d5580000)
  object space 780288K, 97% used [0x0000000080000000,0x00000000ae4eeb98,0x00000000afa00000)
 Metaspace       used 21196K, capacity 21628K, committed 22016K, reserved 1069056K
  class space    used 2621K, capacity 2739K, committed 2816K, reserved 1048576K
GC Heap History (10 events):
Event: 34.031 GC heap before
{Heap before GC invocations=11 (full 2):
 PSYoungGen      total 44032K, used 16752K [0x00000000d5580000, 0x00000000dac00000, 0x0000000100000000)
  eden space 31232K, 45% used [0x00000000d5580000,0x00000000d6384250,0x00000000d7400000)
  from space 12800K, 18% used [0x00000000d8100000,0x00000000d8358010,0x00000000d8d80000)
  to   space 13312K, 0% used [0x00000000d7400000,0x00000000d7400000,0x00000000d8100000)
 ParOldGen       total 777728K, used 776673K [0x0000000080000000, 0x00000000af780000, 0x00000000d5580000)
  object space 777728K, 99% used [0x0000000080000000,0x00000000af678758,0x00000000af780000)
 Metaspace       used 19766K, capacity 20134K, committed 20352K, reserved 1067008K
  class space    used 2478K, capacity 2594K, committed 2688K, reserved 1048576K
Event: 34.126 GC heap after
Heap after GC invocations=11 (full 2):
 PSYoungGen      total 44032K, used 0K [0x00000000d5580000, 0x00000000dac00000, 0x0000000100000000)
  eden space 31232K, 0% used [0x00000000d5580000,0x00000000d5580000,0x00000000d7400000)
  from space 12800K, 0% used [0x00000000d8100000,0x00000000d8100000,0x00000000d8d80000)
  to   space 13312K, 0% used [0x00000000d7400000,0x00000000d7400000,0x00000000d8100000)
 ParOldGen       total 169472K, used 116938K [0x0000000080000000, 0x000000008a580000, 0x00000000d5580000)
  object space 169472K, 69% used [0x0000000080000000,0x0000000087232b18,0x000000008a580000)
 Metaspace       used 19766K, capacity 20134K, committed 20352K, reserved 1067008K
  class space    used 2478K, capacity 2594K, committed 2688K, reserved 1048576K
}
Event: 41.535 GC heap before
{Heap before GC invocations=12 (full 2):
 PSYoungGen      total 44032K, used 31232K [0x00000000d5580000, 0x00000000dac00000, 0x0000000100000000)
  eden space 31232K, 100% used [0x00000000d5580000,0x00000000d7400000,0x00000000d7400000)
  from space 12800K, 0% used [0x00000000d8100000,0x00000000d8100000,0x00000000d8d80000)
  to   space 13312K, 0% used [0x00000000d7400000,0x00000000d7400000,0x00000000d8100000)
 ParOldGen       total 780288K, used 758427K [0x0000000080000000, 0x00000000afa00000, 0x00000000d5580000)
  object space 780288K, 97% used [0x0000000080000000,0x00000000ae4a6eb8,0x00000000afa00000)
 Metaspace       used 20270K, capacity 20704K, committed 20992K, reserved 1067008K
  class space    used 2545K, capacity 2695K, committed 2816K, reserved 1048576K
Event: 41.539 GC heap after
Heap after GC invocations=12 (full 2):
 PSYoungGen      total 44544K, used 633K [0x00000000d5580000, 0x00000000da980000, 0x0000000100000000)
  eden space 31232K, 0% used [0x00000000d5580000,0x00000000d5580000,0x00000000d7400000)
  from space 13312K, 4% used [0x00000000d7400000,0x00000000d749e5e0,0x00000000d8100000)
  to   space 13312K, 0% used [0x00000000d9c80000,0x00000000d9c80000,0x00000000da980000)
 ParOldGen       total 780288K, used 758427K [0x0000000080000000, 0x00000000afa00000, 0x00000000d5580000)
  object space 780288K, 97% used [0x0000000080000000,0x00000000ae4a6eb8,0x00000000afa00000)
 Metaspace       used 20270K, capacity 20704K, committed 20992K, reserved 1067008K
  class space    used 2545K, capacity 2695K, committed 2816K, reserved 1048576K
}
Event: 42.370 GC heap before
{Heap before GC invocations=13 (full 2):
 PSYoungGen      total 44544K, used 31865K [0x00000000d5580000, 0x00000000da980000, 0x0000000100000000)
  eden space 31232K, 100% used [0x00000000d5580000,0x00000000d7400000,0x00000000d7400000)
  from space 13312K, 4% used [0x00000000d7400000,0x00000000d749e5e0,0x00000000d8100000)
  to   space 13312K, 0% used [0x00000000d9c80000,0x00000000d9c80000,0x00000000da980000)
 ParOldGen       total 780288K, used 758427K [0x0000000080000000, 0x00000000afa00000, 0x00000000d5580000)
  object space 780288K, 97% used [0x0000000080000000,0x00000000ae4a6eb8,0x00000000afa00000)
 Metaspace       used 20926K, capacity 21342K, committed 21504K, reserved 1069056K
  class space    used 2612K, capacity 2734K, committed 2816K, reserved 1048576K
Event: 42.420 GC heap after
Heap after GC invocations=13 (full 2):
 PSYoungGen      total 72704K, used 4305K [0x00000000d5580000, 0x00000000daa80000, 0x0000000100000000)
  eden space 59392K, 0% used [0x00000000d5580000,0x00000000d5580000,0x00000000d8f80000)
  from space 13312K, 32% used [0x00000000d9c80000,0x00000000da0b45b8,0x00000000da980000)
  to   space 13312K, 0% used [0x00000000d8f80000,0x00000000d8f80000,0x00000000d9c80000)
 ParOldGen       total 780288K, used 758427K [0x0000000080000000, 0x00000000afa00000, 0x00000000d5580000)
  object space 780288K, 97% used [0x0000000080000000,0x00000000ae4a6eb8,0x00000000afa00000)
 Metaspace       used 20926K, capacity 21342K, committed 21504K, reserved 1069056K
  class space    used 2612K, capacity 2734K, committed 2816K, reserved 1048576K
}
Event: 42.802 GC heap before
{Heap before GC invocations=14 (full 2):
 PSYoungGen      total 72704K, used 63697K [0x00000000d5580000, 0x00000000daa80000, 0x0000000100000000)
  eden space 59392K, 100% used [0x00000000d5580000,0x00000000d8f80000,0x00000000d8f80000)
  from space 13312K, 32% used [0x00000000d9c80000,0x00000000da0b45b8,0x00000000da980000)
  to   space 13312K, 0% used [0x00000000d8f80000,0x00000000d8f80000,0x00000000d9c80000)
 ParOldGen       total 780288K, used 758427K [0x0000000080000000, 0x00000000afa00000, 0x00000000d5580000)
  object space 780288K, 97% used [0x0000000080000000,0x00000000ae4a6eb8,0x00000000afa00000)
 Metaspace       used 20962K, capacity 21366K, committed 21760K, reserved 1069056K
  class space    used 2614K, capacity 2738K, committed 2816K, reserved 1048576K
Event: 42.809 GC heap after
Heap after GC invocations=14 (full 2):
 PSYoungGen      total 72704K, used 96K [0x00000000d5580000, 0x00000000dde80000, 0x0000000100000000)
  eden space 59392K, 0% used [0x00000000d5580000,0x00000000d5580000,0x00000000d8f80000)
  from space 13312K, 0% used [0x00000000d8f80000,0x00000000d8f98000,0x00000000d9c80000)
  to   space 13312K, 0% used [0x00000000dd180000,0x00000000dd180000,0x00000000dde80000)
 ParOldGen       total 780288K, used 758698K [0x0000000080000000, 0x00000000afa00000, 0x00000000d5580000)
  object space 780288K, 97% used [0x0000000080000000,0x00000000ae4eab98,0x00000000afa00000)
 Metaspace       used 20962K, capacity 21366K, committed 21760K, reserved 1069056K
  class space    used 2614K, capacity 2738K, committed 2816K, reserved 1048576K
}
Event: 43.072 GC heap before
{Heap before GC invocations=15 (full 2):
 PSYoungGen      total 72704K, used 59488K [0x00000000d5580000, 0x00000000dde80000, 0x0000000100000000)
  eden space 59392K, 100% used [0x00000000d5580000,0x00000000d8f80000,0x00000000d8f80000)
  from space 13312K, 0% used [0x00000000d8f80000,0x00000000d8f98000,0x00000000d9c80000)
  to   space 13312K, 0% used [0x00000000dd180000,0x00000000dd180000,0x00000000dde80000)
 ParOldGen       total 780288K, used 758698K [0x0000000080000000, 0x00000000afa00000, 0x00000000d5580000)
  object space 780288K, 97% used [0x0000000080000000,0x00000000ae4eab98,0x00000000afa00000)
 Metaspace       used 20982K, capacity 21366K, committed 21760K, reserved 1069056K
  class space    used 2614K, capacity 2738K, committed 2816K, reserved 1048576K
Event: 43.076 GC heap after
Heap after GC invocations=15 (full 2):
 PSYoungGen      total 125952K, used 1024K [0x00000000d5580000, 0x00000000dde00000, 0x0000000100000000)
  eden space 113152K, 0% used [0x00000000d5580000,0x00000000d5580000,0x00000000dc400000)
  from space 12800K, 8% used [0x00000000dd180000,0x00000000dd280000,0x00000000dde00000)
  to   space 13312K, 0% used [0x00000000dc400000,0x00000000dc400000,0x00000000dd100000)
 ParOldGen       total 780288K, used 758714K [0x0000000080000000, 0x00000000afa00000, 0x00000000d5580000)
  object space 780288K, 97% used [0x0000000080000000,0x00000000ae4eeb98,0x00000000afa00000)
 Metaspace       used 20982K, capacity 21366K, committed 21760K, reserved 1069056K
  class space    used 2614K, capacity 2738K, committed 2816K, reserved 1048576K
}

