# JRE version: Java(TM) SE Runtime Environment (8.0_111-b14) (build 1.8.0_111-b14)
# Java VM: Java HotSpot(TM) 64-Bit Server VM (25.111-b14 mixed mode windows-amd64 compressed oops)
Heap:
 PSYoungGen      total 55808K, used 6341K [0x00000000d5580000, 0x00000000da100000, 0x0000000100000000)
  eden space 34816K, 15% used [0x00000000d5580000,0x00000000d5aa26d0,0x00000000d7780000)
  from space 20992K, 5% used [0x00000000d7780000,0x00000000d788eff0,0x00000000d8c00000)
  to   space 20480K, 0% used [0x00000000d8d00000,0x00000000d8d00000,0x00000000da100000)
 ParOldGen       total 407552K, used 211488K [0x0000000080000000, 0x0000000098e00000, 0x00000000d5580000)
  object space 407552K, 51% used [0x0000000080000000,0x000000008ce88158,0x0000000098e00000)
 Metaspace       used 20917K, capacity 21284K, committed 21504K, reserved 1069056K
  class space    used 2617K, capacity 2735K, committed 2816K, reserved 1048576K
GC Heap History (10 events):
Event: 38.595 GC heap before
{Heap before GC invocations=22 (full 12):
 PSYoungGen      total 55296K, used 31111K [0x00000000d5580000, 0x00000000da100000, 0x0000000100000000)
  eden space 33280K, 93% used [0x00000000d5580000,0x00000000d73e1e50,0x00000000d7600000)
  from space 22016K, 0% used [0x00000000d7600000,0x00000000d7600000,0x00000000d8b80000)
  to   space 21504K, 0% used [0x00000000d8c00000,0x00000000d8c00000,0x00000000da100000)
 ParOldGen       total 407552K, used 211488K [0x0000000080000000, 0x0000000098e00000, 0x00000000d5580000)
  object space 407552K, 51% used [0x0000000080000000,0x000000008ce88158,0x0000000098e00000)
 Metaspace       used 19762K, capacity 20134K, committed 20352K, reserved 1067008K
  class space    used 2478K, capacity 2594K, committed 2688K, reserved 1048576K
Event: 38.597 GC heap after
Heap after GC invocations=22 (full 12):
 PSYoungGen      total 55808K, used 2368K [0x00000000d5580000, 0x00000000da080000, 0x0000000100000000)
  eden space 34816K, 0% used [0x00000000d5580000,0x00000000d5580000,0x00000000d7780000)
  from space 20992K, 11% used [0x00000000d8c00000,0x00000000d8e50010,0x00000000da080000)
  to   space 20992K, 0% used [0x00000000d7780000,0x00000000d7780000,0x00000000d8c00000)
 ParOldGen       total 407552K, used 211488K [0x0000000080000000, 0x0000000098e00000, 0x00000000d5580000)
  object space 407552K, 51% used [0x0000000080000000,0x000000008ce88158,0x0000000098e00000)
 Metaspace       used 19762K, capacity 20134K, committed 20352K, reserved 1067008K
  class space    used 2478K, capacity 2594K, committed 2688K, reserved 1048576K
}
Event: 38.766 GC heap before
{Heap before GC invocations=23 (full 13):
 PSYoungGen      total 55808K, used 35315K [0x00000000d5580000, 0x00000000da080000, 0x0000000100000000)
  eden space 34816K, 94% used [0x00000000d5580000,0x00000000d75acf10,0x00000000d7780000)
  from space 20992K, 11% used [0x00000000d8c00000,0x00000000d8e50010,0x00000000da080000)
  to   space 20992K, 0% used [0x00000000d7780000,0x00000000d7780000,0x00000000d8c00000)
 ParOldGen       total 407552K, used 404243K [0x0000000080000000, 0x0000000098e00000, 0x00000000d5580000)
  object space 407552K, 99% used [0x0000000080000000,0x0000000098ac4d68,0x0000000098e00000)
 Metaspace       used 19762K, capacity 20134K, committed 20352K, reserved 1067008K
  class space    used 2478K, capacity 2594K, committed 2688K, reserved 1048576K
Event: 38.800 GC heap after
Heap after GC invocations=23 (full 13):
 PSYoungGen      total 55808K, used 0K [0x00000000d5580000, 0x00000000da080000, 0x0000000100000000)
  eden space 34816K, 0% used [0x00000000d5580000,0x00000000d5580000,0x00000000d7780000)
  from space 20992K, 0% used [0x00000000d8c00000,0x00000000d8c00000,0x00000000da080000)
  to   space 20992K, 0% used [0x00000000d7780000,0x00000000d7780000,0x00000000d8c00000)
 ParOldGen       total 407552K, used 185506K [0x0000000080000000, 0x0000000098e00000, 0x00000000d5580000)
  object space 407552K, 45% used [0x0000000080000000,0x000000008b528918,0x0000000098e00000)
 Metaspace       used 19762K, capacity 20134K, committed 20352K, reserved 1067008K
  class space    used 2478K, capacity 2594K, committed 2688K, reserved 1048576K
}
Event: 40.094 GC heap before
{Heap before GC invocations=24 (full 14):
 PSYoungGen      total 55808K, used 26675K [0x00000000d5580000, 0x00000000da080000, 0x0000000100000000)
  eden space 34816K, 76% used [0x00000000d5580000,0x00000000d6f8ccd8,0x00000000d7780000)
  from space 20992K, 0% used [0x00000000d8c00000,0x00000000d8c00000,0x00000000da080000)
  to   space 20992K, 0% used [0x00000000d7780000,0x00000000d7780000,0x00000000d8c00000)
 ParOldGen       total 407552K, used 393361K [0x0000000080000000, 0x0000000098e00000, 0x00000000d5580000)
  object space 407552K, 96% used [0x0000000080000000,0x0000000098024438,0x0000000098e00000)
 Metaspace       used 19764K, capacity 20134K, committed 20352K, reserved 1067008K
  class space    used 2478K, capacity 2594K, committed 2688K, reserved 1048576K
Event: 40.129 GC heap after
Heap after GC invocations=24 (full 14):
 PSYoungGen      total 55808K, used 0K [0x00000000d5580000, 0x00000000da080000, 0x0000000100000000)
  eden space 34816K, 0% used [0x00000000d5580000,0x00000000d5580000,0x00000000d7780000)
  from space 20992K, 0% used [0x00000000d8c00000,0x00000000d8c00000,0x00000000da080000)
  to   space 20992K, 0% used [0x00000000d7780000,0x00000000d7780000,0x00000000d8c00000)
 ParOldGen       total 407552K, used 211488K [0x0000000080000000, 0x0000000098e00000, 0x00000000d5580000)
  object space 407552K, 51% used [0x0000000080000000,0x000000008ce88140,0x0000000098e00000)
 Metaspace       used 19764K, capacity 20134K, committed 20352K, reserved 1067008K
  class space    used 2478K, capacity 2594K, committed 2688K, reserved 1048576K
}
Event: 41.256 GC heap before
{Heap before GC invocations=25 (full 15):
 PSYoungGen      total 55808K, used 26676K [0x00000000d5580000, 0x00000000da080000, 0x0000000100000000)
  eden space 34816K, 76% used [0x00000000d5580000,0x00000000d6f8d138,0x00000000d7780000)
  from space 20992K, 0% used [0x00000000d8c00000,0x00000000d8c00000,0x00000000da080000)
  to   space 20992K, 0% used [0x00000000d7780000,0x00000000d7780000,0x00000000d8c00000)
 ParOldGen       total 407552K, used 393361K [0x0000000080000000, 0x0000000098e00000, 0x00000000d5580000)
  object space 407552K, 96% used [0x0000000080000000,0x0000000098024500,0x0000000098e00000)
 Metaspace       used 19764K, capacity 20134K, committed 20352K, reserved 1067008K
  class space    used 2478K, capacity 2594K, committed 2688K, reserved 1048576K
Event: 41.289 GC heap after
Heap after GC invocations=25 (full 15):
 PSYoungGen      total 55808K, used 0K [0x00000000d5580000, 0x00000000da080000, 0x0000000100000000)
  eden space 34816K, 0% used [0x00000000d5580000,0x00000000d5580000,0x00000000d7780000)
  from space 20992K, 0% used [0x00000000d8c00000,0x00000000d8c00000,0x00000000da080000)
  to   space 20992K, 0% used [0x00000000d7780000,0x00000000d7780000,0x00000000d8c00000)
 ParOldGen       total 407552K, used 211488K [0x0000000080000000, 0x0000000098e00000, 0x00000000d5580000)
  object space 407552K, 51% used [0x0000000080000000,0x000000008ce88158,0x0000000098e00000)
 Metaspace       used 19764K, capacity 20134K, committed 20352K, reserved 1067008K
  class space    used 2478K, capacity 2594K, committed 2688K, reserved 1048576K
}
Event: 43.215 GC heap before
{Heap before GC invocations=26 (full 15):
 PSYoungGen      total 55808K, used 34816K [0x00000000d5580000, 0x00000000da080000, 0x0000000100000000)
  eden space 34816K, 100% used [0x00000000d5580000,0x00000000d7780000,0x00000000d7780000)
  from space 20992K, 0% used [0x00000000d8c00000,0x00000000d8c00000,0x00000000da080000)
  to   space 20992K, 0% used [0x00000000d7780000,0x00000000d7780000,0x00000000d8c00000)
 ParOldGen       total 407552K, used 211488K [0x0000000080000000, 0x0000000098e00000, 0x00000000d5580000)
  object space 407552K, 51% used [0x0000000080000000,0x000000008ce88158,0x0000000098e00000)
 Metaspace       used 20693K, capacity 21120K, committed 21248K, reserved 1067008K
  class space    used 2598K, capacity 2727K, committed 2816K, reserved 1048576K
Event: 43.217 GC heap after
Heap after GC invocations=26 (full 15):
 PSYoungGen      total 55808K, used 1083K [0x00000000d5580000, 0x00000000da100000, 0x0000000100000000)
  eden space 34816K, 0% used [0x00000000d5580000,0x00000000d5580000,0x00000000d7780000)
  from space 20992K, 5% used [0x00000000d7780000,0x00000000d788eff0,0x00000000d8c00000)
  to   space 20480K, 0% used [0x00000000d8d00000,0x00000000d8d00000,0x00000000da100000)
 ParOldGen       total 407552K, used 211488K [0x0000000080000000, 0x0000000098e00000, 0x00000000d5580000)
  object space 407552K, 51% used [0x0000000080000000,0x000000008ce88158,0x0000000098e00000)
 Metaspace       used 20693K, capacity 21120K, committed 21248K, reserved 1067008K
  class space    used 2598K, capacity 2727K, committed 2816K, reserved 1048576K
}

