<?xml version="1.0" encoding="UTF-8"?>
<testng-results skipped="0" failed="3" ignored="58" total="65" passed="4">
  <reporter-output>
  </reporter-output>
  <suite name="testsuite" duration-ms="1213027" started-at="2018-04-02T09:38:02Z" finished-at="2018-04-02T09:58:15Z">
    <groups>
    </groups>
    <test name="Regression_Yellow_Period_Exec2_Apple_Plan" duration-ms="1213027" started-at="2018-04-02T09:38:02Z" finished-at="2018-04-02T09:58:15Z">
      <class name="app.psc.testcases.employeesearch.employeesearchtestcases">
        <test-method status="PASS" signature="ReportInit()[pri:0, instance:app.psc.testcases.employeesearch.employeesearchtestcases@72d818d1]" name="ReportInit" is-config="true" duration-ms="8735" started-at="2018-04-02T15:08:02Z" finished-at="2018-04-02T15:08:11Z">
          <reporter-output>
          </reporter-output>
        </test-method> <!-- ReportInit -->
        <test-method status="PASS" signature="TC018_Employee_Contact_Info_Verification(int, java.util.Map)[pri:0, instance:app.psc.testcases.employeesearch.employeesearchtestcases@72d818d1]" name="TC018_Employee_Contact_Info_Verification" duration-ms="258001" started-at="2018-04-02T15:08:12Z" data-provider="setData" finished-at="2018-04-02T15:12:30Z">
          <params>
            <param index="0">
              <value>
                <![CDATA[1]]>
              </value>
            </param>
            <param index="1">
              <value>
                <![CDATA[{FAVDRINK=testk, PASSWORD=Testing1, DREAMCAR=testr, SPOUSEMIDNAME=teste, USERVERIFICATIONANS=test, USERNAME=9M0RF, EXPCONTACTINFOLABELS=Name,Address,Home phone,Work phone,Mobile phone,Email address,Personal email address,Communication method, USERVERIFICATIONEMAIL=discard@gwl.com, EXPCONTACTSELECTLABELSWINDOW=Marital Status,Gender,Language Preference,State,Country, EXPCONTACTINPUTLABELSWINDOW=Last Name,First Name,Middle Name,Suffix,Birth Date,Mailing Name 1,Mailing Name 2,Mailing Name 3,Address,City,Zip,Home Phone,Work Phone,Extension,Fax,Email, USERSECONDARYANS=test}]]>
              </value>
            </param>
          </params>
          <reporter-output>
          </reporter-output>
        </test-method> <!-- TC018_Employee_Contact_Info_Verification -->
        <test-method status="FAIL" signature="TC019_Verify_Beneficiary_Info(int, java.util.Map)[pri:0, instance:app.psc.testcases.employeesearch.employeesearchtestcases@72d818d1]" name="TC019_Verify_Beneficiary_Info" duration-ms="71543" started-at="2018-04-02T15:12:30Z" data-provider="setData" finished-at="2018-04-02T15:13:42Z">
          <params>
            <param index="0">
              <value>
                <![CDATA[1]]>
              </value>
            </param>
            <param index="1">
              <value>
                <![CDATA[{FAVDRINK=testk, PASSWORD=Testing1, DREAMCAR=testr, SPOUSEMIDNAME=teste, USERVERIFICATIONANS=test, USERNAME=9M0RF, USERVERIFICATIONEMAIL=discard@gwl.com, USERSECONDARYANS=test}]]>
              </value>
            </param>
          </params>
          <reporter-output>
          </reporter-output>
        </test-method> <!-- TC019_Verify_Beneficiary_Info -->
        <test-method status="PASS" signature="TC020_Recently_Viewed_Employee(int, java.util.Map)[pri:0, instance:app.psc.testcases.employeesearch.employeesearchtestcases@72d818d1]" name="TC020_Recently_Viewed_Employee" duration-ms="84923" started-at="2018-04-02T15:13:42Z" data-provider="setData" finished-at="2018-04-02T15:15:07Z">
          <params>
            <param index="0">
              <value>
                <![CDATA[1]]>
              </value>
            </param>
            <param index="1">
              <value>
                <![CDATA[{FAVDRINK=testk, PASSWORD=Testing1, DREAMCAR=testr, SPOUSEMIDNAME=teste, USERVERIFICATIONANS=test, USERNAME=9M0RF, USERVERIFICATIONEMAIL=discard@gwl.com, USERSECONDARYANS=test}]]>
              </value>
            </param>
          </params>
          <reporter-output>
          </reporter-output>
        </test-method> <!-- TC020_Recently_Viewed_Employee -->
        <test-method status="FAIL" signature="TC021_Salary_View_And_Update(int, java.util.Map)[pri:0, instance:app.psc.testcases.employeesearch.employeesearchtestcases@72d818d1]" name="TC021_Salary_View_And_Update" duration-ms="73625" started-at="2018-04-02T15:15:07Z" data-provider="setData" finished-at="2018-04-02T15:16:20Z">
          <params>
            <param index="0">
              <value>
                <![CDATA[1]]>
              </value>
            </param>
            <param index="1">
              <value>
                <![CDATA[{FAVDRINK=testk, PASSWORD=Testing1, DREAMCAR=testr, SPOUSEMIDNAME=teste, USERVERIFICATIONANS=test, USERNAME=9M0RF, USERVERIFICATIONEMAIL=discard@gwl.com, SALARYSECTIONTITLE=Compensation, USERSECONDARYANS=test, EXPSALARYSECTIONHEADER=Effective date,Salary,Frequency}]]>
              </value>
            </param>
          </params>
          <exception class="java.lang.NullPointerException">
            <full-stacktrace>
              <![CDATA[java.lang.NullPointerException
	at lib.Reporter.logEvent(Reporter.java:253)
	at app.psc.testcases.employeesearch.employeesearchtestcases.TC021_Salary_View_And_Update(employeesearchtestcases.java:1190)
	at sun.reflect.NativeMethodAccessorImpl.invoke0(Native Method)
	at sun.reflect.NativeMethodAccessorImpl.invoke(NativeMethodAccessorImpl.java:62)
	at sun.reflect.DelegatingMethodAccessorImpl.invoke(DelegatingMethodAccessorImpl.java:43)
	at java.lang.reflect.Method.invoke(Method.java:498)
	at org.testng.internal.MethodInvocationHelper.invokeMethod(MethodInvocationHelper.java:104)
	at org.testng.internal.Invoker.invokeMethod(Invoker.java:645)
	at org.testng.internal.Invoker.invokeTestMethod(Invoker.java:851)
	at org.testng.internal.Invoker.invokeTestMethods(Invoker.java:1177)
	at org.testng.internal.TestMethodWorker.invokeTestMethods(TestMethodWorker.java:129)
	at org.testng.internal.TestMethodWorker.run(TestMethodWorker.java:112)
	at org.testng.TestRunner.privateRun(TestRunner.java:756)
	at org.testng.TestRunner.run(TestRunner.java:610)
	at org.testng.SuiteRunner.runTest(SuiteRunner.java:387)
	at org.testng.SuiteRunner.runSequentially(SuiteRunner.java:382)
	at org.testng.SuiteRunner.privateRun(SuiteRunner.java:340)
	at org.testng.SuiteRunner.run(SuiteRunner.java:289)
	at org.testng.SuiteRunnerWorker.runSuite(SuiteRunnerWorker.java:52)
	at org.testng.SuiteRunnerWorker.run(SuiteRunnerWorker.java:86)
	at org.testng.TestNG.runSuitesSequentially(TestNG.java:1293)
	at org.testng.TestNG.runSuitesLocally(TestNG.java:1218)
	at org.testng.TestNG.runSuites(TestNG.java:1133)
	at org.testng.TestNG.run(TestNG.java:1104)
	at org.testng.remote.AbstractRemoteTestNG.run(AbstractRemoteTestNG.java:132)
	at org.testng.remote.RemoteTestNG.initAndRun(RemoteTestNG.java:236)
	at org.testng.remote.RemoteTestNG.main(RemoteTestNG.java:81)
]]>
            </full-stacktrace>
          </exception> <!-- java.lang.NullPointerException -->
          <reporter-output>
          </reporter-output>
        </test-method> <!-- TC021_Salary_View_And_Update -->
        <test-method status="PASS" signature="TC022_Paycheck_contribution_View(int, java.util.Map)[pri:0, instance:app.psc.testcases.employeesearch.employeesearchtestcases@72d818d1]" name="TC022_Paycheck_contribution_View" duration-ms="56468" started-at="2018-04-02T15:16:20Z" data-provider="setData" finished-at="2018-04-02T15:17:17Z">
          <params>
            <param index="0">
              <value>
                <![CDATA[1]]>
              </value>
            </param>
            <param index="1">
              <value>
                <![CDATA[{FAVDRINK=testk, PASSWORD=Testing1, DREAMCAR=testr, SPOUSEMIDNAME=teste, USERVERIFICATIONANS=test, USERNAME=9M0RF, USERVERIFICATIONEMAIL=discard@gwl.com, USERSECONDARYANS=test}]]>
              </value>
            </param>
          </params>
          <reporter-output>
          </reporter-output>
        </test-method> <!-- TC022_Paycheck_contribution_View -->
        <test-method status="FAIL" signature="TC026_Verify_Employee_Basic_Info(int, java.util.Map)[pri:0, instance:app.psc.testcases.employeesearch.employeesearchtestcases@72d818d1]" name="TC026_Verify_Employee_Basic_Info" duration-ms="609855" started-at="2018-04-02T15:17:17Z" data-provider="setData" finished-at="2018-04-02T15:27:27Z">
          <params>
            <param index="0">
              <value>
                <![CDATA[1]]>
              </value>
            </param>
            <param index="1">
              <value>
                <![CDATA[{FAVDRINK=testk, PASSWORD=Testing1, DREAMCAR=testr, EXPECTEDLABELS=Last Name,First Name,Middle Name,Suffix,Birth Date,Marital Status,Gender,Language Preference,Mailing Name 1,Mailing Name 2,Mailing Name 3,Address,City,State,Zip,Country,Home Phone,Work Phone,Extension,Fax,Email, SPOUSEMIDNAME=teste, USERVERIFICATIONANS=test, USERNAME=9M0RF, USERVERIFICATIONEMAIL=discard@gwl.com, USERSECONDARYANS=test}]]>
              </value>
            </param>
          </params>
          <reporter-output>
          </reporter-output>
        </test-method> <!-- TC026_Verify_Employee_Basic_Info -->
        <test-method status="PASS" signature="TC30_Account_balance_Tab(int, java.util.Map)[pri:0, instance:app.psc.testcases.employeesearch.employeesearchtestcases@72d818d1]" name="TC30_Account_balance_Tab" duration-ms="48332" started-at="2018-04-02T15:27:27Z" data-provider="setData" finished-at="2018-04-02T15:28:15Z">
          <params>
            <param index="0">
              <value>
                <![CDATA[1]]>
              </value>
            </param>
            <param index="1">
              <value>
                <![CDATA[{FAVDRINK=testk, PASSWORD=Testing1, DREAMCAR=testr, SPOUSEMIDNAME=teste, USERVERIFICATIONANS=test, USERNAME=9M0RF, EXPECTEDDISCLAIMER=* All dates and times are in Mountain Time unless otherwise noted., USERVERIFICATIONEMAIL=discard@gwl.com, USERSECONDARYANS=test}]]>
              </value>
            </param>
          </params>
          <reporter-output>
          </reporter-output>
        </test-method> <!-- TC30_Account_balance_Tab -->
        <test-method status="PASS" signature="cleanUpSession()[pri:0, instance:app.psc.testcases.employeesearch.employeesearchtestcases@72d818d1]" name="cleanUpSession" is-config="true" duration-ms="1513" started-at="2018-04-02T15:28:15Z" finished-at="2018-04-02T15:28:17Z">
          <reporter-output>
          </reporter-output>
        </test-method> <!-- cleanUpSession -->
      </class> <!-- app.psc.testcases.employeesearch.employeesearchtestcases -->
    </test> <!-- Regression_Yellow_Period_Exec2_Apple_Plan -->
  </suite> <!-- testsuite -->
</testng-results>
