<?xml version="1.0" encoding="UTF-8"?>
<testng-results skipped="0" failed="0" ignored="2" total="3" passed="1">
  <reporter-output>
  </reporter-output>
  <suite name="testsuite" duration-ms="133731" started-at="2017-09-08T10:55:41Z" finished-at="2017-09-08T10:57:55Z">
    <groups>
    </groups>
    <test name="Regression_Orange_Period_Execution_1" duration-ms="133731" started-at="2017-09-08T10:55:41Z" finished-at="2017-09-08T10:57:55Z">
      <class name="app.psc.testcases.plan.plantestcases">
        <test-method status="PASS" signature="ReportInit()[pri:0, instance:app.psc.testcases.plan.plantestcases@553f17c]" name="ReportInit" is-config="true" duration-ms="27156" started-at="2017-09-08T16:25:41Z" finished-at="2017-09-08T16:26:08Z">
          <reporter-output>
          </reporter-output>
        </test-method> <!-- ReportInit -->
        <test-method status="PASS" signature="TC18_SIT_PSC_Investment_UnitShare_values_page(int, java.util.Map)[pri:0, instance:app.psc.testcases.plan.plantestcases@553f17c]" name="TC18_SIT_PSC_Investment_UnitShare_values_page" duration-ms="106329" started-at="2017-09-08T16:26:08Z" data-provider="setData" finished-at="2017-09-08T16:27:55Z">
          <params>
            <param index="0">
              <value>
                <![CDATA[1]]>
              </value>
            </param>
            <param index="1">
              <value>
                <![CDATA[{EXPECTEDWATRMARKTXT2=*If the dates selected are weekends or market holidays, values are shown as of the prior business day., EXPECTEDWATRMARKTXT1=*Please select dates between, USERVERIFICATIONANS=test, EXPECTEDUNITSHARECOL=Investment option,Symbol,Share value as of,Share value as of,Dividends/capital gains,Change, PLANNUMBER=331044-01, FAVDRINK=testk, PASSWORD=testing1, DREAMCAR=testr, SPOUSEMIDNAME=teste, USERNAME=1ISIS, EXPECTEDWATRMARKTXT5=*Investment results shown do not reflect a sales charge. Additional fees or expenses may be imposed that will affect actual results., EXPECTEDWATRMARKTXT4=*Percent change in value reflects dividends, capital gains distributions, stock splits and stock market results for the period shown. It represents the total return over the specified period and is not annualized., USERVERIFICATIONEMAIL=discard@gwl.com, EXPECTEDWATRMARKTXT3=*If 'NOT AVAILABLE' appears for an investment option, the value is not available for the date you specified. The most recent fund information on file can be found by viewing the Plan's Investment Performance.}]]>
              </value>
            </param>
          </params>
          <reporter-output>
          </reporter-output>
        </test-method> <!-- TC18_SIT_PSC_Investment_UnitShare_values_page -->
      </class> <!-- app.psc.testcases.plan.plantestcases -->
    </test> <!-- Regression_Orange_Period_Execution_1 -->
  </suite> <!-- testsuite -->
</testng-results>
