<?xml version="1.0" encoding="UTF-8"?>
<!-- Generated by org.testng.reporters.JUnitXMLReporter -->
<testsuite hostname="XWJPMDD085" name="LoanRequest" tests="42" failures="19" timestamp="15 May 2018 13:04:50 GMT" time="1932.303" errors="0">
  <testcase name="DDTC_26960_DDTC_26945_Paperless_LoanPaymentFrequenct_PaymentMethod" time="72.582" classname="app.csas.testcases.loanRequest.LoanRequestTestCases">
    <failure/>
  </testcase> <!-- DDTC_26960_DDTC_26945_Paperless_LoanPaymentFrequenct_PaymentMethod -->
  <testcase name="DDTC_26089_Paperless_Loan_Exceptions" time="31.352" classname="app.csas.testcases.loanRequest.LoanRequestTestCases"/>
  <testcase name="DDTC_25965_Paperless_Loan_Exceptions" time="59.061" classname="app.csas.testcases.loanRequest.LoanRequestTestCases"/>
  <testcase name="DDTC_25959_Paperless_Loan_Exceptions" time="34.724" classname="app.csas.testcases.loanRequest.LoanRequestTestCases"/>
  <testcase name="DDTC_25950_Paperless_Loan_Exceptions" time="30.767" classname="app.csas.testcases.loanRequest.LoanRequestTestCases"/>
  <testcase name="DDTC_25952_Paperless_Loan_Exceptions" time="64.16" classname="app.csas.testcases.loanRequest.LoanRequestTestCases"/>
  <testcase name="DDTC_25954_Paperless_Loan_Exceptions" time="37.656" classname="app.csas.testcases.loanRequest.LoanRequestTestCases">
    <failure/>
  </testcase> <!-- DDTC_25954_Paperless_Loan_Exceptions -->
  <testcase name="DDTC_24263_PaperlessLoan_LoanStructureOverviewSection_4" time="38.348" classname="app.csas.testcases.loanRequest.LoanRequestTestCases"/>
  <testcase name="DDTC_25968_Paperless_Loan_Exceptions" time="57.649" classname="app.csas.testcases.loanRequest.LoanRequestTestCases"/>
  <testcase name="DDTC_25970_Paperless_Loan_Exceptions" time="34.618" classname="app.csas.testcases.loanRequest.LoanRequestTestCases"/>
  <testcase name="DDTC_25966_Paperless_Loan_Exceptions" time="59.153" classname="app.csas.testcases.loanRequest.LoanRequestTestCases"/>
  <testcase name="DDTC_26931_Paperless_Loan_Exceptions" time="58.989" classname="app.csas.testcases.loanRequest.LoanRequestTestCases"/>
  <testcase name="DDTC_26926_Paperless_Loan_Exceptions" time="92.84" classname="app.csas.testcases.loanRequest.LoanRequestTestCases">
    <failure/>
  </testcase> <!-- DDTC_26926_Paperless_Loan_Exceptions -->
  <testcase name="DDTC_25963_Paperless_Loan_Exceptions" time="46.006" classname="app.csas.testcases.loanRequest.LoanRequestTestCases"/>
  <testcase name="validating_recalculate_functionality" time="192.026" classname="app.csas.testcases.loanRequest.LoanRequestTestCases"/>
  <testcase name="validating_mobile_phone_text_box" time="6.614" classname="app.csas.testcases.loanRequest.LoanRequestTestCases">
    <failure/>
  </testcase> <!-- validating_mobile_phone_text_box -->
  <testcase name="validating_if_payment_method_noneditable" time="0.416" classname="app.csas.testcases.loanRequest.LoanRequestTestCases"/>
  <testcase name="validating_vesting_field" time="60.894" classname="app.csas.testcases.loanRequest.LoanRequestTestCases"/>
  <testcase name="validating_green_tick_on_selection_of_loan_quote" time="92.768" classname="app.csas.testcases.loanRequest.LoanRequestTestCases"/>
  <testcase name="validating_loan_number_link" time="1.03" classname="app.csas.testcases.loanRequest.LoanRequestTestCases"/>
  <testcase name="validating_refinance_with_adtn_loan_amnt_functionality" time="201.789" classname="app.csas.testcases.loanRequest.LoanRequestTestCases">
    <failure/>
  </testcase> <!-- validating_refinance_with_adtn_loan_amnt_functionality -->
  <testcase name="statement_order_update_confirmation" time="132.62" classname="app.csas.testcases.loanRequest.LoanRequestTestCases"/>
  <testcase name="CSAS_Paperless_Loan_TC02_DDTC_26947" time="182.209" classname="app.csas.testcases.loanRequest.LoanRequestTestCases">
    <failure/>
  </testcase> <!-- CSAS_Paperless_Loan_TC02_DDTC_26947 -->
  <testcase name="CSAS_Paperless_Loan_LoanRequest_Back_Hyperlink_TC20_DDTC_24665" time="76.362" classname="app.csas.testcases.loanRequest.LoanRequestTestCases"/>
  <testcase name="CSAS_Paperless_Loan_LoanRequest_TC24_DDTC_26088" time="1.43" classname="app.csas.testcases.loanRequest.LoanRequestTestCases"/>
  <testcase name="CSAS_Paperless_Loan_LoanRequest_TC26_DDTC_26085" time="0.356" classname="app.csas.testcases.loanRequest.LoanRequestTestCases"/>
  <testcase name="CSAS_Paperless_Loan_TC10_DDTC_26925" time="1.257" classname="app.csas.testcases.loanRequest.LoanRequestTestCases"/>
  <testcase name="CSAS_Paperless_Loan_Exceptions_TC12_DDTC_26082" time="7.406" classname="app.csas.testcases.loanRequest.LoanRequestTestCases">
    <failure/>
  </testcase> <!-- CSAS_Paperless_Loan_Exceptions_TC12_DDTC_26082 -->
  <testcase name="CSAS_Paperless_Loan_LoanRequest_TC22_DDTC_26093" time="2.502" classname="app.csas.testcases.loanRequest.LoanRequestTestCases"/>
  <testcase name="CSAS_Paperless_Loan_LoanRequest_TC30_DDTC_24268" time="2.881" classname="app.csas.testcases.loanRequest.LoanRequestTestCases"/>
  <testcase name="CSAS_Paperless_Loan_LoanRequest_TC32_DDTC_24267" time="32.324" classname="app.csas.testcases.loanRequest.LoanRequestTestCases">
    <failure/>
  </testcase> <!-- CSAS_Paperless_Loan_LoanRequest_TC32_DDTC_24267 -->
  <testcase name="CSAS_Paperless_Loan_LoanRequest_TC34_DDTC_24266" time="6.652" classname="app.csas.testcases.loanRequest.LoanRequestTestCases">
    <failure/>
  </testcase> <!-- CSAS_Paperless_Loan_LoanRequest_TC34_DDTC_24266 -->
  <testcase name="CSAS_Paperless_Loan_LoanRequest_TC36_DDTC_24264" time="0.321" classname="app.csas.testcases.loanRequest.LoanRequestTestCases">
    <failure/>
  </testcase> <!-- CSAS_Paperless_Loan_LoanRequest_TC36_DDTC_24264 -->
  <testcase name="CSAS_Paperless_Loan_LoanRequest_TC38_DDTC_24262" time="0.23" classname="app.csas.testcases.loanRequest.LoanRequestTestCases">
    <failure/>
  </testcase> <!-- CSAS_Paperless_Loan_LoanRequest_TC38_DDTC_24262 -->
  <testcase name="CSAS_Paperless_Loan_HappyPath_TC14_DDTC_27970" time="30.555" classname="app.csas.testcases.loanRequest.LoanRequestTestCases">
    <failure/>
  </testcase> <!-- CSAS_Paperless_Loan_HappyPath_TC14_DDTC_27970 -->
  <testcase name="CSAS_Paperless_Loan_HappyPath_TC18_DDTC_27976" time="6.546" classname="app.csas.testcases.loanRequest.LoanRequestTestCases">
    <failure/>
  </testcase> <!-- CSAS_Paperless_Loan_HappyPath_TC18_DDTC_27976 -->
  <testcase name="CSAS_Paperless_Loan_TC06_DDTC_26083" time="7.305" classname="app.csas.testcases.loanRequest.LoanRequestTestCases">
    <failure/>
  </testcase> <!-- CSAS_Paperless_Loan_TC06_DDTC_26083 -->
  <testcase name="CSAS_Paperless_Loan_TC04_DDTC_26942" time="8.737" classname="app.csas.testcases.loanRequest.LoanRequestTestCases">
    <failure/>
  </testcase> <!-- CSAS_Paperless_Loan_TC04_DDTC_26942 -->
  <testcase name="CSAS_Paperless_Loan_TC08_DDTC_26084" time="68.725" classname="app.csas.testcases.loanRequest.LoanRequestTestCases">
    <failure/>
  </testcase> <!-- CSAS_Paperless_Loan_TC08_DDTC_26084 -->
  <testcase name="CSAS_Paperless_Loan_HappyPath_TC16_DDTC_27971" time="30.335" classname="app.csas.testcases.loanRequest.LoanRequestTestCases">
    <failure/>
  </testcase> <!-- CSAS_Paperless_Loan_HappyPath_TC16_DDTC_27971 -->
  <testcase name="CSAS_Paperless_Loan_LoanRequest_TC28_DDTC_26080" time="7.767" classname="app.csas.testcases.loanRequest.LoanRequestTestCases">
    <failure/>
  </testcase> <!-- CSAS_Paperless_Loan_LoanRequest_TC28_DDTC_26080 -->
  <testcase name="PaperlessLoan_LoanRequest_ConfirmContactInformation_PDI_No_CORE_22807" time="39.211" classname="app.csas.testcases.loanRequest.LoanRequestTestCases">
    <failure/>
  </testcase> <!-- PaperlessLoan_LoanRequest_ConfirmContactInformation_PDI_No_CORE_22807 -->
</testsuite> <!-- LoanRequest -->
