<?xml version="1.0" encoding="UTF-8"?>
<!-- Generated by org.testng.reporters.JUnitXMLReporter -->
<testsuite hostname="XWJPMDD085" name="Rebalancer" tests="2" failures="0" timestamp="27 Nov 2017 11:38:34 GMT" time="183.59" errors="0">
  <testcase name="Perform_and_validate_Rebalancer_transferRestriction" time="93.047" classname="app.csas.testcases.rebalancer.validate_rebalancer"/>
  <testcase name="Perform_and_validate_Rebalancer_Checkbox" time="80.662" classname="app.csas.testcases.rebalancer.validate_rebalancer"/>
</testsuite> <!-- Rebalancer -->
