# JRE version: Java(TM) SE Runtime Environment (8.0_121-b13) (build 1.8.0_121-b13)
# Java VM: Java HotSpot(TM) 64-Bit Server VM (25.121-b13 mixed mode windows-amd64 compressed oops)
Heap:
 PSYoungGen      total 79360K, used 2874K [0x00000000d5580000, 0x00000000dba80000, 0x0000000100000000)
  eden space 56832K, 5% used [0x00000000d5580000,0x00000000d584e848,0x00000000d8d00000)
  from space 22528K, 0% used [0x00000000d8d00000,0x00000000d8d00000,0x00000000da300000)
  to   space 23040K, 0% used [0x00000000da300000,0x00000000da300000,0x00000000db980000)
 ParOldGen       total 503296K, used 454401K [0x0000000080000000, 0x000000009eb80000, 0x00000000d5580000)
  object space 503296K, 90% used [0x0000000080000000,0x000000009bbc05a8,0x000000009eb80000)
 Metaspace       used 19116K, capacity 19350K, committed 19712K, reserved 1067008K
  class space    used 2372K, capacity 2499K, committed 2560K, reserved 1048576K
GC Heap History (10 events):
Event: 43.976 GC heap before
{Heap before GC invocations=18 (full 5):
 PSYoungGen      total 79872K, used 0K [0x00000000d5580000, 0x00000000dba80000, 0x0000000100000000)
  eden space 56832K, 0% used [0x00000000d5580000,0x00000000d5580000,0x00000000d8d00000)
  from space 23040K, 0% used [0x00000000da300000,0x00000000da300000,0x00000000db980000)
  to   space 22528K, 0% used [0x00000000d8d00000,0x00000000d8d00000,0x00000000da300000)
 ParOldGen       total 503296K, used 454833K [0x0000000080000000, 0x000000009eb80000, 0x00000000d5580000)
  object space 503296K, 90% used [0x0000000080000000,0x000000009bc2c688,0x000000009eb80000)
 Metaspace       used 18957K, capacity 19182K, committed 19456K, reserved 1067008K
  class space    used 2367K, capacity 2453K, committed 2560K, reserved 1048576K
Event: 43.978 GC heap after
Heap after GC invocations=18 (full 5):
 PSYoungGen      total 79360K, used 0K [0x00000000d5580000, 0x00000000dba80000, 0x0000000100000000)
  eden space 56832K, 0% used [0x00000000d5580000,0x00000000d5580000,0x00000000d8d00000)
  from space 22528K, 0% used [0x00000000d8d00000,0x00000000d8d00000,0x00000000da300000)
  to   space 23040K, 0% used [0x00000000da300000,0x00000000da300000,0x00000000db980000)
 ParOldGen       total 503296K, used 454833K [0x0000000080000000, 0x000000009eb80000, 0x00000000d5580000)
  object space 503296K, 90% used [0x0000000080000000,0x000000009bc2c688,0x000000009eb80000)
 Metaspace       used 18957K, capacity 19182K, committed 19456K, reserved 1067008K
  class space    used 2367K, capacity 2453K, committed 2560K, reserved 1048576K
}
Event: 43.978 GC heap before
{Heap before GC invocations=19 (full 5):
 PSYoungGen      total 79360K, used 0K [0x00000000d5580000, 0x00000000dba80000, 0x0000000100000000)
  eden space 56832K, 0% used [0x00000000d5580000,0x00000000d5580000,0x00000000d8d00000)
  from space 22528K, 0% used [0x00000000d8d00000,0x00000000d8d00000,0x00000000da300000)
  to   space 23040K, 0% used [0x00000000da300000,0x00000000da300000,0x00000000db980000)
 ParOldGen       total 503296K, used 454833K [0x0000000080000000, 0x000000009eb80000, 0x00000000d5580000)
  object space 503296K, 90% used [0x0000000080000000,0x000000009bc2c688,0x000000009eb80000)
 Metaspace       used 18957K, capacity 19182K, committed 19456K, reserved 1067008K
  class space    used 2367K, capacity 2453K, committed 2560K, reserved 1048576K
Event: 43.980 GC heap after
Heap after GC invocations=19 (full 5):
 PSYoungGen      total 79872K, used 0K [0x00000000d5580000, 0x00000000dba80000, 0x0000000100000000)
  eden space 56832K, 0% used [0x00000000d5580000,0x00000000d5580000,0x00000000d8d00000)
  from space 23040K, 0% used [0x00000000da300000,0x00000000da300000,0x00000000db980000)
  to   space 22528K, 0% used [0x00000000d8d00000,0x00000000d8d00000,0x00000000da300000)
 ParOldGen       total 503296K, used 454833K [0x0000000080000000, 0x000000009eb80000, 0x00000000d5580000)
  object space 503296K, 90% used [0x0000000080000000,0x000000009bc2c688,0x000000009eb80000)
 Metaspace       used 18957K, capacity 19182K, committed 19456K, reserved 1067008K
  class space    used 2367K, capacity 2453K, committed 2560K, reserved 1048576K
}
Event: 43.980 GC heap before
{Heap before GC invocations=20 (full 6):
 PSYoungGen      total 79872K, used 0K [0x00000000d5580000, 0x00000000dba80000, 0x0000000100000000)
  eden space 56832K, 0% used [0x00000000d5580000,0x00000000d5580000,0x00000000d8d00000)
  from space 23040K, 0% used [0x00000000da300000,0x00000000da300000,0x00000000db980000)
  to   space 22528K, 0% used [0x00000000d8d00000,0x00000000d8d00000,0x00000000da300000)
 ParOldGen       total 503296K, used 454833K [0x0000000080000000, 0x000000009eb80000, 0x00000000d5580000)
  object space 503296K, 90% used [0x0000000080000000,0x000000009bc2c688,0x000000009eb80000)
 Metaspace       used 18957K, capacity 19182K, committed 19456K, reserved 1067008K
  class space    used 2367K, capacity 2453K, committed 2560K, reserved 1048576K
Event: 44.052 GC heap after
Heap after GC invocations=20 (full 6):
 PSYoungGen      total 79872K, used 0K [0x00000000d5580000, 0x00000000dba80000, 0x0000000100000000)
  eden space 56832K, 0% used [0x00000000d5580000,0x00000000d5580000,0x00000000d8d00000)
  from space 23040K, 0% used [0x00000000da300000,0x00000000da300000,0x00000000db980000)
  to   space 22528K, 0% used [0x00000000d8d00000,0x00000000d8d00000,0x00000000da300000)
 ParOldGen       total 503296K, used 454832K [0x0000000080000000, 0x000000009eb80000, 0x00000000d5580000)
  object space 503296K, 90% used [0x0000000080000000,0x000000009bc2c3a0,0x000000009eb80000)
 Metaspace       used 18957K, capacity 19182K, committed 19456K, reserved 1067008K
  class space    used 2367K, capacity 2453K, committed 2560K, reserved 1048576K
}
Event: 44.052 GC heap before
{Heap before GC invocations=21 (full 6):
 PSYoungGen      total 79872K, used 0K [0x00000000d5580000, 0x00000000dba80000, 0x0000000100000000)
  eden space 56832K, 0% used [0x00000000d5580000,0x00000000d5580000,0x00000000d8d00000)
  from space 23040K, 0% used [0x00000000da300000,0x00000000da300000,0x00000000db980000)
  to   space 22528K, 0% used [0x00000000d8d00000,0x00000000d8d00000,0x00000000da300000)
 ParOldGen       total 503296K, used 454832K [0x0000000080000000, 0x000000009eb80000, 0x00000000d5580000)
  object space 503296K, 90% used [0x0000000080000000,0x000000009bc2c3a0,0x000000009eb80000)
 Metaspace       used 18957K, capacity 19182K, committed 19456K, reserved 1067008K
  class space    used 2367K, capacity 2453K, committed 2560K, reserved 1048576K
Event: 44.055 GC heap after
Heap after GC invocations=21 (full 6):
 PSYoungGen      total 79360K, used 0K [0x00000000d5580000, 0x00000000dba80000, 0x0000000100000000)
  eden space 56832K, 0% used [0x00000000d5580000,0x00000000d5580000,0x00000000d8d00000)
  from space 22528K, 0% used [0x00000000d8d00000,0x00000000d8d00000,0x00000000da300000)
  to   space 23040K, 0% used [0x00000000da300000,0x00000000da300000,0x00000000db980000)
 ParOldGen       total 503296K, used 454832K [0x0000000080000000, 0x000000009eb80000, 0x00000000d5580000)
  object space 503296K, 90% used [0x0000000080000000,0x000000009bc2c3a0,0x000000009eb80000)
 Metaspace       used 18957K, capacity 19182K, committed 19456K, reserved 1067008K
  class space    used 2367K, capacity 2453K, committed 2560K, reserved 1048576K
}
Event: 44.055 GC heap before
{Heap before GC invocations=22 (full 7):
 PSYoungGen      total 79360K, used 0K [0x00000000d5580000, 0x00000000dba80000, 0x0000000100000000)
  eden space 56832K, 0% used [0x00000000d5580000,0x00000000d5580000,0x00000000d8d00000)
  from space 22528K, 0% used [0x00000000d8d00000,0x00000000d8d00000,0x00000000da300000)
  to   space 23040K, 0% used [0x00000000da300000,0x00000000da300000,0x00000000db980000)
 ParOldGen       total 503296K, used 454832K [0x0000000080000000, 0x000000009eb80000, 0x00000000d5580000)
  object space 503296K, 90% used [0x0000000080000000,0x000000009bc2c3a0,0x000000009eb80000)
 Metaspace       used 18957K, capacity 19182K, committed 19456K, reserved 1067008K
  class space    used 2367K, capacity 2453K, committed 2560K, reserved 1048576K
Event: 44.208 GC heap after
Heap after GC invocations=22 (full 7):
 PSYoungGen      total 79360K, used 0K [0x00000000d5580000, 0x00000000dba80000, 0x0000000100000000)
  eden space 56832K, 0% used [0x00000000d5580000,0x00000000d5580000,0x00000000d8d00000)
  from space 22528K, 0% used [0x00000000d8d00000,0x00000000d8d00000,0x00000000da300000)
  to   space 23040K, 0% used [0x00000000da300000,0x00000000da300000,0x00000000db980000)
 ParOldGen       total 503296K, used 454401K [0x0000000080000000, 0x000000009eb80000, 0x00000000d5580000)
  object space 503296K, 90% used [0x0000000080000000,0x000000009bbc05a8,0x000000009eb80000)
 Metaspace       used 18895K, capacity 19082K, committed 19456K, reserved 1067008K
  class space    used 2356K, capacity 2433K, committed 2560K, reserved 1048576K
}

