<?xml version="1.0" encoding="UTF-8"?>
<!-- Generated by org.testng.reporters.JUnitXMLReporter -->
<testsuite hostname="XWJPMDD035" ignored="0" name="BDD Tests" tests="2" failures="1" timestamp="10 Apr 2018 11:36:22 GMT" time="104.503" errors="0">
  <testcase name="feature" time="43.475" classname="cucumber.api.testng.AbstractTestNGCucumberTests"/>
  <testcase name="feature" time="56.332" classname="cucumber.api.testng.AbstractTestNGCucumberTests">
    <failure/>
  </testcase> <!-- feature -->
</testsuite> <!-- BDD Tests -->
